<?xml version="1.0" encoding="UTF-8"?>
<testsuite xmlns:xsi="http://www.w3.org/2001/XMLSchema-instance" xsi:noNamespaceSchemaLocation="https://maven.apache.org/surefire/maven-surefire-plugin/xsd/surefire-test-report.xsd" name="com.pizzahub.coupon.controller.CouponControllerTest" time="1.413" tests="20" errors="0" skipped="10" failures="0">
  <properties>
    <property name="java.specification.version" value="17"/>
    <property name="sun.jnu.encoding" value="UTF-8"/>
    <property name="java.class.path" value="/Users/RO20423171/Desktop/PizzaBackend/coupon/target/test-classes:/Users/RO20423171/Desktop/PizzaBackend/coupon/target/classes:/Users/RO20423171/.m2/repository/org/springframework/boot/spring-boot-starter-data-jpa/2.7.3/spring-boot-starter-data-jpa-2.7.3.jar:/Users/RO20423171/.m2/repository/org/springframework/boot/spring-boot-starter-aop/2.7.3/spring-boot-starter-aop-2.7.3.jar:/Users/RO20423171/.m2/repository/org/springframework/spring-aop/5.3.22/spring-aop-5.3.22.jar:/Users/RO20423171/.m2/repository/org/aspectj/aspectjweaver/1.9.7/aspectjweaver-1.9.7.jar:/Users/RO20423171/.m2/repository/org/springframework/boot/spring-boot-starter-jdbc/2.7.3/spring-boot-starter-jdbc-2.7.3.jar:/Users/RO20423171/.m2/repository/com/zaxxer/HikariCP/4.0.3/HikariCP-4.0.3.jar:/Users/RO20423171/.m2/repository/org/springframework/spring-jdbc/5.3.22/spring-jdbc-5.3.22.jar:/Users/RO20423171/.m2/repository/jakarta/transaction/jakarta.transaction-api/1.3.3/jakarta.transaction-api-1.3.3.jar:/Users/RO20423171/.m2/repository/jakarta/persistence/jakarta.persistence-api/2.2.3/jakarta.persistence-api-2.2.3.jar:/Users/RO20423171/.m2/repository/org/hibernate/hibernate-core/5.6.10.Final/hibernate-core-5.6.10.Final.jar:/Users/RO20423171/.m2/repository/org/jboss/logging/jboss-logging/3.4.3.Final/jboss-logging-3.4.3.Final.jar:/Users/RO20423171/.m2/repository/net/bytebuddy/byte-buddy/1.12.13/byte-buddy-1.12.13.jar:/Users/RO20423171/.m2/repository/antlr/antlr/2.7.7/antlr-2.7.7.jar:/Users/RO20423171/.m2/repository/org/jboss/jandex/2.4.2.Final/jandex-2.4.2.Final.jar:/Users/RO20423171/.m2/repository/com/fasterxml/classmate/1.5.1/classmate-1.5.1.jar:/Users/RO20423171/.m2/repository/org/hibernate/common/hibernate-commons-annotations/5.1.2.Final/hibernate-commons-annotations-5.1.2.Final.jar:/Users/RO20423171/.m2/repository/org/glassfish/jaxb/jaxb-runtime/2.3.6/jaxb-runtime-2.3.6.jar:/Users/RO20423171/.m2/repository/org/glassfish/jaxb/txw2/2.3.6/txw2-2.3.6.jar:/Users/RO20423171/.m2/repository/com/sun/istack/istack-commons-runtime/3.0.12/istack-commons-runtime-3.0.12.jar:/Users/RO20423171/.m2/repository/com/sun/activation/jakarta.activation/1.2.2/jakarta.activation-1.2.2.jar:/Users/RO20423171/.m2/repository/org/springframework/data/spring-data-jpa/2.7.2/spring-data-jpa-2.7.2.jar:/Users/RO20423171/.m2/repository/org/springframework/data/spring-data-commons/2.7.2/spring-data-commons-2.7.2.jar:/Users/RO20423171/.m2/repository/org/springframework/spring-orm/5.3.22/spring-orm-5.3.22.jar:/Users/RO20423171/.m2/repository/org/springframework/spring-context/5.3.22/spring-context-5.3.22.jar:/Users/RO20423171/.m2/repository/org/springframework/spring-tx/5.3.22/spring-tx-5.3.22.jar:/Users/RO20423171/.m2/repository/org/springframework/spring-beans/5.3.22/spring-beans-5.3.22.jar:/Users/RO20423171/.m2/repository/org/slf4j/slf4j-api/1.7.36/slf4j-api-1.7.36.jar:/Users/RO20423171/.m2/repository/org/springframework/spring-aspects/5.3.22/spring-aspects-5.3.22.jar:/Users/RO20423171/.m2/repository/org/springframework/boot/spring-boot-starter-web/2.7.3/spring-boot-starter-web-2.7.3.jar:/Users/RO20423171/.m2/repository/org/springframework/boot/spring-boot-starter/2.7.3/spring-boot-starter-2.7.3.jar:/Users/RO20423171/.m2/repository/org/springframework/boot/spring-boot-starter-logging/2.7.3/spring-boot-starter-logging-2.7.3.jar:/Users/RO20423171/.m2/repository/ch/qos/logback/logback-classic/1.2.11/logback-classic-1.2.11.jar:/Users/RO20423171/.m2/repository/ch/qos/logback/logback-core/1.2.11/logback-core-1.2.11.jar:/Users/RO20423171/.m2/repository/org/apache/logging/log4j/log4j-to-slf4j/2.17.2/log4j-to-slf4j-2.17.2.jar:/Users/RO20423171/.m2/repository/org/apache/logging/log4j/log4j-api/2.17.2/log4j-api-2.17.2.jar:/Users/RO20423171/.m2/repository/org/slf4j/jul-to-slf4j/1.7.36/jul-to-slf4j-1.7.36.jar:/Users/RO20423171/.m2/repository/jakarta/annotation/jakarta.annotation-api/1.3.5/jakarta.annotation-api-1.3.5.jar:/Users/RO20423171/.m2/repository/org/yaml/snakeyaml/1.30/snakeyaml-1.30.jar:/Users/RO20423171/.m2/repository/org/springframework/boot/spring-boot-starter-json/2.7.3/spring-boot-starter-json-2.7.3.jar:/Users/RO20423171/.m2/repository/com/fasterxml/jackson/core/jackson-databind/2.13.3/jackson-databind-2.13.3.jar:/Users/RO20423171/.m2/repository/com/fasterxml/jackson/core/jackson-annotations/2.13.3/jackson-annotations-2.13.3.jar:/Users/RO20423171/.m2/repository/com/fasterxml/jackson/core/jackson-core/2.13.3/jackson-core-2.13.3.jar:/Users/RO20423171/.m2/repository/com/fasterxml/jackson/datatype/jackson-datatype-jdk8/2.13.3/jackson-datatype-jdk8-2.13.3.jar:/Users/RO20423171/.m2/repository/com/fasterxml/jackson/datatype/jackson-datatype-jsr310/2.13.3/jackson-datatype-jsr310-2.13.3.jar:/Users/RO20423171/.m2/repository/com/fasterxml/jackson/module/jackson-module-parameter-names/2.13.3/jackson-module-parameter-names-2.13.3.jar:/Users/RO20423171/.m2/repository/org/springframework/boot/spring-boot-starter-tomcat/2.7.3/spring-boot-starter-tomcat-2.7.3.jar:/Users/RO20423171/.m2/repository/org/apache/tomcat/embed/tomcat-embed-core/9.0.65/tomcat-embed-core-9.0.65.jar:/Users/RO20423171/.m2/repository/org/apache/tomcat/embed/tomcat-embed-el/9.0.65/tomcat-embed-el-9.0.65.jar:/Users/RO20423171/.m2/repository/org/apache/tomcat/embed/tomcat-embed-websocket/9.0.65/tomcat-embed-websocket-9.0.65.jar:/Users/RO20423171/.m2/repository/org/springframework/spring-web/5.3.22/spring-web-5.3.22.jar:/Users/RO20423171/.m2/repository/org/springframework/spring-webmvc/5.3.22/spring-webmvc-5.3.22.jar:/Users/RO20423171/.m2/repository/org/springframework/spring-expression/5.3.22/spring-expression-5.3.22.jar:/Users/RO20423171/.m2/repository/org/springframework/boot/spring-boot-devtools/2.7.3/spring-boot-devtools-2.7.3.jar:/Users/RO20423171/.m2/repository/org/springframework/boot/spring-boot/2.7.3/spring-boot-2.7.3.jar:/Users/RO20423171/.m2/repository/org/springframework/boot/spring-boot-autoconfigure/2.7.3/spring-boot-autoconfigure-2.7.3.jar:/Users/RO20423171/.m2/repository/mysql/mysql-connector-java/8.0.28/mysql-connector-java-8.0.28.jar:/Users/RO20423171/.m2/repository/org/projectlombok/lombok/1.18.24/lombok-1.18.24.jar:/Users/RO20423171/.m2/repository/org/springframework/boot/spring-boot-starter-test/2.7.3/spring-boot-starter-test-2.7.3.jar:/Users/RO20423171/.m2/repository/org/springframework/boot/spring-boot-test/2.7.3/spring-boot-test-2.7.3.jar:/Users/RO20423171/.m2/repository/org/springframework/boot/spring-boot-test-autoconfigure/2.7.3/spring-boot-test-autoconfigure-2.7.3.jar:/Users/RO20423171/.m2/repository/com/jayway/jsonpath/json-path/2.7.0/json-path-2.7.0.jar:/Users/RO20423171/.m2/repository/net/minidev/json-smart/2.4.8/json-smart-2.4.8.jar:/Users/RO20423171/.m2/repository/net/minidev/accessors-smart/2.4.8/accessors-smart-2.4.8.jar:/Users/RO20423171/.m2/repository/org/ow2/asm/asm/9.1/asm-9.1.jar:/Users/RO20423171/.m2/repository/jakarta/xml/bind/jakarta.xml.bind-api/2.3.3/jakarta.xml.bind-api-2.3.3.jar:/Users/RO20423171/.m2/repository/jakarta/activation/jakarta.activation-api/1.2.2/jakarta.activation-api-1.2.2.jar:/Users/RO20423171/.m2/repository/org/assertj/assertj-core/3.22.0/assertj-core-3.22.0.jar:/Users/RO20423171/.m2/repository/org/hamcrest/hamcrest/2.2/hamcrest-2.2.jar:/Users/RO20423171/.m2/repository/org/junit/jupiter/junit-jupiter/5.8.2/junit-jupiter-5.8.2.jar:/Users/RO20423171/.m2/repository/org/junit/jupiter/junit-jupiter-api/5.8.2/junit-jupiter-api-5.8.2.jar:/Users/RO20423171/.m2/repository/org/opentest4j/opentest4j/1.2.0/opentest4j-1.2.0.jar:/Users/RO20423171/.m2/repository/org/junit/platform/junit-platform-commons/1.8.2/junit-platform-commons-1.8.2.jar:/Users/RO20423171/.m2/repository/org/apiguardian/apiguardian-api/1.1.2/apiguardian-api-1.1.2.jar:/Users/RO20423171/.m2/repository/org/junit/jupiter/junit-jupiter-params/5.8.2/junit-jupiter-params-5.8.2.jar:/Users/RO20423171/.m2/repository/org/junit/jupiter/junit-jupiter-engine/5.8.2/junit-jupiter-engine-5.8.2.jar:/Users/RO20423171/.m2/repository/org/junit/platform/junit-platform-engine/1.8.2/junit-platform-engine-1.8.2.jar:/Users/RO20423171/.m2/repository/org/mockito/mockito-core/4.5.1/mockito-core-4.5.1.jar:/Users/RO20423171/.m2/repository/net/bytebuddy/byte-buddy-agent/1.12.13/byte-buddy-agent-1.12.13.jar:/Users/RO20423171/.m2/repository/org/objenesis/objenesis/3.2/objenesis-3.2.jar:/Users/RO20423171/.m2/repository/org/mockito/mockito-junit-jupiter/4.5.1/mockito-junit-jupiter-4.5.1.jar:/Users/RO20423171/.m2/repository/org/skyscreamer/jsonassert/1.5.1/jsonassert-1.5.1.jar:/Users/RO20423171/.m2/repository/com/vaadin/external/google/android-json/0.0.20131108.vaadin1/android-json-0.0.20131108.vaadin1.jar:/Users/RO20423171/.m2/repository/org/springframework/spring-core/5.3.22/spring-core-5.3.22.jar:/Users/RO20423171/.m2/repository/org/springframework/spring-jcl/5.3.22/spring-jcl-5.3.22.jar:/Users/RO20423171/.m2/repository/org/springframework/spring-test/5.3.22/spring-test-5.3.22.jar:/Users/RO20423171/.m2/repository/org/xmlunit/xmlunit-core/2.9.0/xmlunit-core-2.9.0.jar:"/>
    <property name="java.vm.vendor" value="Oracle Corporation"/>
    <property name="sun.arch.data.model" value="64"/>
    <property name="java.vendor.url" value="https://java.oracle.com/"/>
    <property name="os.name" value="Mac OS X"/>
    <property name="java.vm.specification.version" value="17"/>
    <property name="sun.java.launcher" value="SUN_STANDARD"/>
    <property name="user.country" value="IN"/>
    <property name="sun.boot.library.path" value="/Library/Java/JavaVirtualMachines/jdk-17.jdk/Contents/Home/lib"/>
    <property name="sun.java.command" value="/Users/RO20423171/Desktop/PizzaBackend/coupon/target/surefire/surefirebooter17573202970547987300.jar /Users/RO20423171/Desktop/PizzaBackend/coupon/target/surefire 2023-03-11T16-29-36_890-jvmRun1 surefire8725909264350034948tmp surefire_02416268960866069148tmp"/>
    <property name="http.nonProxyHosts" value="local|*.local|169.254/16|*.169.254/16"/>
    <property name="jdk.debug" value="release"/>
    <property name="surefire.test.class.path" value="/Users/RO20423171/Desktop/PizzaBackend/coupon/target/test-classes:/Users/RO20423171/Desktop/PizzaBackend/coupon/target/classes:/Users/RO20423171/.m2/repository/org/springframework/boot/spring-boot-starter-data-jpa/2.7.3/spring-boot-starter-data-jpa-2.7.3.jar:/Users/RO20423171/.m2/repository/org/springframework/boot/spring-boot-starter-aop/2.7.3/spring-boot-starter-aop-2.7.3.jar:/Users/RO20423171/.m2/repository/org/springframework/spring-aop/5.3.22/spring-aop-5.3.22.jar:/Users/RO20423171/.m2/repository/org/aspectj/aspectjweaver/1.9.7/aspectjweaver-1.9.7.jar:/Users/RO20423171/.m2/repository/org/springframework/boot/spring-boot-starter-jdbc/2.7.3/spring-boot-starter-jdbc-2.7.3.jar:/Users/RO20423171/.m2/repository/com/zaxxer/HikariCP/4.0.3/HikariCP-4.0.3.jar:/Users/RO20423171/.m2/repository/org/springframework/spring-jdbc/5.3.22/spring-jdbc-5.3.22.jar:/Users/RO20423171/.m2/repository/jakarta/transaction/jakarta.transaction-api/1.3.3/jakarta.transaction-api-1.3.3.jar:/Users/RO20423171/.m2/repository/jakarta/persistence/jakarta.persistence-api/2.2.3/jakarta.persistence-api-2.2.3.jar:/Users/RO20423171/.m2/repository/org/hibernate/hibernate-core/5.6.10.Final/hibernate-core-5.6.10.Final.jar:/Users/RO20423171/.m2/repository/org/jboss/logging/jboss-logging/3.4.3.Final/jboss-logging-3.4.3.Final.jar:/Users/RO20423171/.m2/repository/net/bytebuddy/byte-buddy/1.12.13/byte-buddy-1.12.13.jar:/Users/RO20423171/.m2/repository/antlr/antlr/2.7.7/antlr-2.7.7.jar:/Users/RO20423171/.m2/repository/org/jboss/jandex/2.4.2.Final/jandex-2.4.2.Final.jar:/Users/RO20423171/.m2/repository/com/fasterxml/classmate/1.5.1/classmate-1.5.1.jar:/Users/RO20423171/.m2/repository/org/hibernate/common/hibernate-commons-annotations/5.1.2.Final/hibernate-commons-annotations-5.1.2.Final.jar:/Users/RO20423171/.m2/repository/org/glassfish/jaxb/jaxb-runtime/2.3.6/jaxb-runtime-2.3.6.jar:/Users/RO20423171/.m2/repository/org/glassfish/jaxb/txw2/2.3.6/txw2-2.3.6.jar:/Users/RO20423171/.m2/repository/com/sun/istack/istack-commons-runtime/3.0.12/istack-commons-runtime-3.0.12.jar:/Users/RO20423171/.m2/repository/com/sun/activation/jakarta.activation/1.2.2/jakarta.activation-1.2.2.jar:/Users/RO20423171/.m2/repository/org/springframework/data/spring-data-jpa/2.7.2/spring-data-jpa-2.7.2.jar:/Users/RO20423171/.m2/repository/org/springframework/data/spring-data-commons/2.7.2/spring-data-commons-2.7.2.jar:/Users/RO20423171/.m2/repository/org/springframework/spring-orm/5.3.22/spring-orm-5.3.22.jar:/Users/RO20423171/.m2/repository/org/springframework/spring-context/5.3.22/spring-context-5.3.22.jar:/Users/RO20423171/.m2/repository/org/springframework/spring-tx/5.3.22/spring-tx-5.3.22.jar:/Users/RO20423171/.m2/repository/org/springframework/spring-beans/5.3.22/spring-beans-5.3.22.jar:/Users/RO20423171/.m2/repository/org/slf4j/slf4j-api/1.7.36/slf4j-api-1.7.36.jar:/Users/RO20423171/.m2/repository/org/springframework/spring-aspects/5.3.22/spring-aspects-5.3.22.jar:/Users/RO20423171/.m2/repository/org/springframework/boot/spring-boot-starter-web/2.7.3/spring-boot-starter-web-2.7.3.jar:/Users/RO20423171/.m2/repository/org/springframework/boot/spring-boot-starter/2.7.3/spring-boot-starter-2.7.3.jar:/Users/RO20423171/.m2/repository/org/springframework/boot/spring-boot-starter-logging/2.7.3/spring-boot-starter-logging-2.7.3.jar:/Users/RO20423171/.m2/repository/ch/qos/logback/logback-classic/1.2.11/logback-classic-1.2.11.jar:/Users/RO20423171/.m2/repository/ch/qos/logback/logback-core/1.2.11/logback-core-1.2.11.jar:/Users/RO20423171/.m2/repository/org/apache/logging/log4j/log4j-to-slf4j/2.17.2/log4j-to-slf4j-2.17.2.jar:/Users/RO20423171/.m2/repository/org/apache/logging/log4j/log4j-api/2.17.2/log4j-api-2.17.2.jar:/Users/RO20423171/.m2/repository/org/slf4j/jul-to-slf4j/1.7.36/jul-to-slf4j-1.7.36.jar:/Users/RO20423171/.m2/repository/jakarta/annotation/jakarta.annotation-api/1.3.5/jakarta.annotation-api-1.3.5.jar:/Users/RO20423171/.m2/repository/org/yaml/snakeyaml/1.30/snakeyaml-1.30.jar:/Users/RO20423171/.m2/repository/org/springframework/boot/spring-boot-starter-json/2.7.3/spring-boot-starter-json-2.7.3.jar:/Users/RO20423171/.m2/repository/com/fasterxml/jackson/core/jackson-databind/2.13.3/jackson-databind-2.13.3.jar:/Users/RO20423171/.m2/repository/com/fasterxml/jackson/core/jackson-annotations/2.13.3/jackson-annotations-2.13.3.jar:/Users/RO20423171/.m2/repository/com/fasterxml/jackson/core/jackson-core/2.13.3/jackson-core-2.13.3.jar:/Users/RO20423171/.m2/repository/com/fasterxml/jackson/datatype/jackson-datatype-jdk8/2.13.3/jackson-datatype-jdk8-2.13.3.jar:/Users/RO20423171/.m2/repository/com/fasterxml/jackson/datatype/jackson-datatype-jsr310/2.13.3/jackson-datatype-jsr310-2.13.3.jar:/Users/RO20423171/.m2/repository/com/fasterxml/jackson/module/jackson-module-parameter-names/2.13.3/jackson-module-parameter-names-2.13.3.jar:/Users/RO20423171/.m2/repository/org/springframework/boot/spring-boot-starter-tomcat/2.7.3/spring-boot-starter-tomcat-2.7.3.jar:/Users/RO20423171/.m2/repository/org/apache/tomcat/embed/tomcat-embed-core/9.0.65/tomcat-embed-core-9.0.65.jar:/Users/RO20423171/.m2/repository/org/apache/tomcat/embed/tomcat-embed-el/9.0.65/tomcat-embed-el-9.0.65.jar:/Users/RO20423171/.m2/repository/org/apache/tomcat/embed/tomcat-embed-websocket/9.0.65/tomcat-embed-websocket-9.0.65.jar:/Users/RO20423171/.m2/repository/org/springframework/spring-web/5.3.22/spring-web-5.3.22.jar:/Users/RO20423171/.m2/repository/org/springframework/spring-webmvc/5.3.22/spring-webmvc-5.3.22.jar:/Users/RO20423171/.m2/repository/org/springframework/spring-expression/5.3.22/spring-expression-5.3.22.jar:/Users/RO20423171/.m2/repository/org/springframework/boot/spring-boot-devtools/2.7.3/spring-boot-devtools-2.7.3.jar:/Users/RO20423171/.m2/repository/org/springframework/boot/spring-boot/2.7.3/spring-boot-2.7.3.jar:/Users/RO20423171/.m2/repository/org/springframework/boot/spring-boot-autoconfigure/2.7.3/spring-boot-autoconfigure-2.7.3.jar:/Users/RO20423171/.m2/repository/mysql/mysql-connector-java/8.0.28/mysql-connector-java-8.0.28.jar:/Users/RO20423171/.m2/repository/org/projectlombok/lombok/1.18.24/lombok-1.18.24.jar:/Users/RO20423171/.m2/repository/org/springframework/boot/spring-boot-starter-test/2.7.3/spring-boot-starter-test-2.7.3.jar:/Users/RO20423171/.m2/repository/org/springframework/boot/spring-boot-test/2.7.3/spring-boot-test-2.7.3.jar:/Users/RO20423171/.m2/repository/org/springframework/boot/spring-boot-test-autoconfigure/2.7.3/spring-boot-test-autoconfigure-2.7.3.jar:/Users/RO20423171/.m2/repository/com/jayway/jsonpath/json-path/2.7.0/json-path-2.7.0.jar:/Users/RO20423171/.m2/repository/net/minidev/json-smart/2.4.8/json-smart-2.4.8.jar:/Users/RO20423171/.m2/repository/net/minidev/accessors-smart/2.4.8/accessors-smart-2.4.8.jar:/Users/RO20423171/.m2/repository/org/ow2/asm/asm/9.1/asm-9.1.jar:/Users/RO20423171/.m2/repository/jakarta/xml/bind/jakarta.xml.bind-api/2.3.3/jakarta.xml.bind-api-2.3.3.jar:/Users/RO20423171/.m2/repository/jakarta/activation/jakarta.activation-api/1.2.2/jakarta.activation-api-1.2.2.jar:/Users/RO20423171/.m2/repository/org/assertj/assertj-core/3.22.0/assertj-core-3.22.0.jar:/Users/RO20423171/.m2/repository/org/hamcrest/hamcrest/2.2/hamcrest-2.2.jar:/Users/RO20423171/.m2/repository/org/junit/jupiter/junit-jupiter/5.8.2/junit-jupiter-5.8.2.jar:/Users/RO20423171/.m2/repository/org/junit/jupiter/junit-jupiter-api/5.8.2/junit-jupiter-api-5.8.2.jar:/Users/RO20423171/.m2/repository/org/opentest4j/opentest4j/1.2.0/opentest4j-1.2.0.jar:/Users/RO20423171/.m2/repository/org/junit/platform/junit-platform-commons/1.8.2/junit-platform-commons-1.8.2.jar:/Users/RO20423171/.m2/repository/org/apiguardian/apiguardian-api/1.1.2/apiguardian-api-1.1.2.jar:/Users/RO20423171/.m2/repository/org/junit/jupiter/junit-jupiter-params/5.8.2/junit-jupiter-params-5.8.2.jar:/Users/RO20423171/.m2/repository/org/junit/jupiter/junit-jupiter-engine/5.8.2/junit-jupiter-engine-5.8.2.jar:/Users/RO20423171/.m2/repository/org/junit/platform/junit-platform-engine/1.8.2/junit-platform-engine-1.8.2.jar:/Users/RO20423171/.m2/repository/org/mockito/mockito-core/4.5.1/mockito-core-4.5.1.jar:/Users/RO20423171/.m2/repository/net/bytebuddy/byte-buddy-agent/1.12.13/byte-buddy-agent-1.12.13.jar:/Users/RO20423171/.m2/repository/org/objenesis/objenesis/3.2/objenesis-3.2.jar:/Users/RO20423171/.m2/repository/org/mockito/mockito-junit-jupiter/4.5.1/mockito-junit-jupiter-4.5.1.jar:/Users/RO20423171/.m2/repository/org/skyscreamer/jsonassert/1.5.1/jsonassert-1.5.1.jar:/Users/RO20423171/.m2/repository/com/vaadin/external/google/android-json/0.0.20131108.vaadin1/android-json-0.0.20131108.vaadin1.jar:/Users/RO20423171/.m2/repository/org/springframework/spring-core/5.3.22/spring-core-5.3.22.jar:/Users/RO20423171/.m2/repository/org/springframework/spring-jcl/5.3.22/spring-jcl-5.3.22.jar:/Users/RO20423171/.m2/repository/org/springframework/spring-test/5.3.22/spring-test-5.3.22.jar:/Users/RO20423171/.m2/repository/org/xmlunit/xmlunit-core/2.9.0/xmlunit-core-2.9.0.jar:"/>
    <property name="sun.cpu.endian" value="little"/>
    <property name="user.home" value="/Users/RO20423171"/>
    <property name="user.language" value="en"/>
    <property name="java.specification.vendor" value="Oracle Corporation"/>
    <property name="java.version.date" value="2023-01-17"/>
    <property name="java.home" value="/Library/Java/JavaVirtualMachines/jdk-17.jdk/Contents/Home"/>
    <property name="file.separator" value="/"/>
    <property name="basedir" value="/Users/RO20423171/Desktop/PizzaBackend/coupon"/>
    <property name="java.vm.compressedOopsMode" value="Zero based"/>
    <property name="line.separator" value="&#10;"/>
    <property name="java.specification.name" value="Java Platform API Specification"/>
    <property name="java.vm.specification.vendor" value="Oracle Corporation"/>
    <property name="surefire.real.class.path" value="/Users/RO20423171/Desktop/PizzaBackend/coupon/target/surefire/surefirebooter17573202970547987300.jar"/>
    <property name="sun.management.compiler" value="HotSpot 64-Bit Tiered Compilers"/>
    <property name="ftp.nonProxyHosts" value="local|*.local|169.254/16|*.169.254/16"/>
    <property name="java.runtime.version" value="17.0.6+9-LTS-190"/>
    <property name="user.name" value="RO20423171"/>
    <property name="path.separator" value=":"/>
    <property name="os.version" value="12.2.1"/>
    <property name="java.runtime.name" value="Java(TM) SE Runtime Environment"/>
    <property name="file.encoding" value="US-ASCII"/>
    <property name="java.vm.name" value="Java HotSpot(TM) 64-Bit Server VM"/>
    <property name="localRepository" value="/Users/RO20423171/.m2/repository"/>
    <property name="java.vendor.url.bug" value="https://bugreport.java.com/bugreport/"/>
    <property name="java.io.tmpdir" value="/var/folders/y0/rzvyd5j97dscw38wlq3hr3hr0000gq/T/"/>
    <property name="idea.version" value="2022.3.2"/>
    <property name="java.version" value="17.0.6"/>
    <property name="user.dir" value="/Users/RO20423171/Desktop/PizzaBackend/coupon"/>
    <property name="os.arch" value="aarch64"/>
    <property name="java.vm.specification.name" value="Java Virtual Machine Specification"/>
    <property name="native.encoding" value="US-ASCII"/>
    <property name="java.library.path" value="/Users/RO20423171/Library/Java/Extensions:/Library/Java/Extensions:/Network/Library/Java/Extensions:/System/Library/Java/Extensions:/usr/lib/java:."/>
    <property name="java.vm.info" value="mixed mode, sharing"/>
    <property name="java.vendor" value="Oracle Corporation"/>
    <property name="java.vm.version" value="17.0.6+9-LTS-190"/>
    <property name="sun.io.unicode.encoding" value="UnicodeBig"/>
    <property name="socksNonProxyHosts" value="local|*.local|169.254/16|*.169.254/16"/>
    <property name="java.class.version" value="61.0"/>
  </properties>
  <testcase name="testAddCoupon2" classname="com.pizzahub.coupon.controller.CouponControllerTest" time="0">
    <skipped message="TODO: Complete this test"/>
    <system-out><![CDATA[16:29:37.463 [main] DEBUG org.springframework.test.context.BootstrapUtils - Instantiating CacheAwareContextLoaderDelegate from class [org.springframework.test.context.cache.DefaultCacheAwareContextLoaderDelegate]
16:29:37.471 [main] DEBUG org.springframework.test.context.BootstrapUtils - Instantiating BootstrapContext using constructor [public org.springframework.test.context.support.DefaultBootstrapContext(java.lang.Class,org.springframework.test.context.CacheAwareContextLoaderDelegate)]
16:29:37.498 [main] DEBUG org.springframework.test.context.BootstrapUtils - Instantiating TestContextBootstrapper for test class [com.pizzahub.coupon.controller.CouponControllerTest] from class [org.springframework.test.context.support.DefaultTestContextBootstrapper]
16:29:37.518 [main] DEBUG org.springframework.test.context.support.AbstractDelegatingSmartContextLoader - Delegating to AnnotationConfigContextLoader to process context configuration [ContextConfigurationAttributes@29a60c27 declaringClass = 'com.pizzahub.coupon.controller.CouponControllerTest', classes = '{class com.pizzahub.coupon.controller.CouponController, class com.pizzahub.coupon.service.CouponService}', locations = '{}', inheritLocations = true, initializers = '{}', inheritInitializers = true, name = [null], contextLoaderClass = 'org.springframework.test.context.ContextLoader'].
16:29:37.564 [main] DEBUG org.springframework.test.context.support.ActiveProfilesUtils - Could not find an 'annotation declaring class' for annotation type [org.springframework.test.context.ActiveProfiles] and class [com.pizzahub.coupon.controller.CouponControllerTest]
16:29:37.564 [main] DEBUG org.springframework.test.context.support.DefaultTestContextBootstrapper - @TestExecutionListeners is not present for class [com.pizzahub.coupon.controller.CouponControllerTest]: using defaults.
16:29:37.564 [main] INFO org.springframework.test.context.support.DefaultTestContextBootstrapper - Loaded default TestExecutionListener class names from location [META-INF/spring.factories]: [org.springframework.boot.test.mock.mockito.MockitoTestExecutionListener, org.springframework.boot.test.mock.mockito.ResetMocksTestExecutionListener, org.springframework.boot.test.autoconfigure.restdocs.RestDocsTestExecutionListener, org.springframework.boot.test.autoconfigure.web.client.MockRestServiceServerResetTestExecutionListener, org.springframework.boot.test.autoconfigure.web.servlet.MockMvcPrintOnlyOnFailureTestExecutionListener, org.springframework.boot.test.autoconfigure.web.servlet.WebDriverTestExecutionListener, org.springframework.boot.test.autoconfigure.webservices.client.MockWebServiceServerTestExecutionListener, org.springframework.test.context.web.ServletTestExecutionListener, org.springframework.test.context.support.DirtiesContextBeforeModesTestExecutionListener, org.springframework.test.context.event.ApplicationEventsTestExecutionListener, org.springframework.test.context.support.DependencyInjectionTestExecutionListener, org.springframework.test.context.support.DirtiesContextTestExecutionListener, org.springframework.test.context.transaction.TransactionalTestExecutionListener, org.springframework.test.context.jdbc.SqlScriptsTestExecutionListener, org.springframework.test.context.event.EventPublishingTestExecutionListener]
16:29:37.583 [main] INFO org.springframework.test.context.support.DefaultTestContextBootstrapper - Using TestExecutionListeners: [org.springframework.test.context.web.ServletTestExecutionListener@2899a8db, org.springframework.test.context.support.DirtiesContextBeforeModesTestExecutionListener@1e8823d2, org.springframework.test.context.event.ApplicationEventsTestExecutionListener@c1a4620, org.springframework.boot.test.mock.mockito.MockitoTestExecutionListener@76b0ae1b, org.springframework.test.context.support.DependencyInjectionTestExecutionListener@130a0f66, org.springframework.test.context.support.DirtiesContextTestExecutionListener@4c432866, org.springframework.test.context.transaction.TransactionalTestExecutionListener@12365c88, org.springframework.test.context.jdbc.SqlScriptsTestExecutionListener@6105f8a3, org.springframework.test.context.event.EventPublishingTestExecutionListener@2237bada, org.springframework.boot.test.mock.mockito.ResetMocksTestExecutionListener@77e2a6e2, org.springframework.boot.test.autoconfigure.restdocs.RestDocsTestExecutionListener@5710768a, org.springframework.boot.test.autoconfigure.web.client.MockRestServiceServerResetTestExecutionListener@199e4c2b, org.springframework.boot.test.autoconfigure.web.servlet.MockMvcPrintOnlyOnFailureTestExecutionListener@6e0d4a8, org.springframework.boot.test.autoconfigure.web.servlet.WebDriverTestExecutionListener@64d7b720, org.springframework.boot.test.autoconfigure.webservices.client.MockWebServiceServerTestExecutionListener@30272916]
16:29:37.584 [main] DEBUG org.springframework.test.context.support.AbstractDirtiesContextTestExecutionListener - Before test class: context [DefaultTestContext@b09fac1 testClass = CouponControllerTest, testInstance = [null], testMethod = [null], testException = [null], mergedContextConfiguration = [MergedContextConfiguration@62df0ff3 testClass = CouponControllerTest, locations = '{}', classes = '{class com.pizzahub.coupon.controller.CouponController, class com.pizzahub.coupon.service.CouponService}', contextInitializerClasses = '[]', activeProfiles = '{}', propertySourceLocations = '{}', propertySourceProperties = '{}', contextCustomizers = set[org.springframework.boot.test.context.filter.ExcludeFilterContextCustomizer@56102e1c, org.springframework.boot.test.json.DuplicateJsonObjectContextCustomizerFactory$DuplicateJsonObjectContextCustomizer@3b366632, org.springframework.boot.test.mock.mockito.MockitoContextCustomizer@1b4c4a1a, org.springframework.boot.test.autoconfigure.actuate.metrics.MetricsExportContextCustomizerFactory$DisableMetricExportContextCustomizer@3a0807b7, org.springframework.boot.test.autoconfigure.properties.PropertyMappingContextCustomizer@0, org.springframework.boot.test.autoconfigure.web.servlet.WebDriverContextCustomizerFactory$Customizer@649f2009], contextLoader = 'org.springframework.test.context.support.DelegatingSmartContextLoader', parent = [null]], attributes = map[[empty]]], class annotated with @DirtiesContext [false] with mode [null].
16:29:37.593 [main] DEBUG org.springframework.test.context.support.AbstractDelegatingSmartContextLoader - Delegating to AnnotationConfigContextLoader to load context from [MergedContextConfiguration@62df0ff3 testClass = CouponControllerTest, locations = '{}', classes = '{class com.pizzahub.coupon.controller.CouponController, class com.pizzahub.coupon.service.CouponService}', contextInitializerClasses = '[]', activeProfiles = '{}', propertySourceLocations = '{}', propertySourceProperties = '{}', contextCustomizers = set[org.springframework.boot.test.context.filter.ExcludeFilterContextCustomizer@56102e1c, org.springframework.boot.test.json.DuplicateJsonObjectContextCustomizerFactory$DuplicateJsonObjectContextCustomizer@3b366632, org.springframework.boot.test.mock.mockito.MockitoContextCustomizer@1b4c4a1a, org.springframework.boot.test.autoconfigure.actuate.metrics.MetricsExportContextCustomizerFactory$DisableMetricExportContextCustomizer@3a0807b7, org.springframework.boot.test.autoconfigure.properties.PropertyMappingContextCustomizer@0, org.springframework.boot.test.autoconfigure.web.servlet.WebDriverContextCustomizerFactory$Customizer@649f2009], contextLoader = 'org.springframework.test.context.support.DelegatingSmartContextLoader', parent = [null]].
16:29:37.593 [main] DEBUG org.springframework.test.context.support.AbstractGenericContextLoader - Loading ApplicationContext for merged context configuration [[MergedContextConfiguration@62df0ff3 testClass = CouponControllerTest, locations = '{}', classes = '{class com.pizzahub.coupon.controller.CouponController, class com.pizzahub.coupon.service.CouponService}', contextInitializerClasses = '[]', activeProfiles = '{}', propertySourceLocations = '{}', propertySourceProperties = '{}', contextCustomizers = set[org.springframework.boot.test.context.filter.ExcludeFilterContextCustomizer@56102e1c, org.springframework.boot.test.json.DuplicateJsonObjectContextCustomizerFactory$DuplicateJsonObjectContextCustomizer@3b366632, org.springframework.boot.test.mock.mockito.MockitoContextCustomizer@1b4c4a1a, org.springframework.boot.test.autoconfigure.actuate.metrics.MetricsExportContextCustomizerFactory$DisableMetricExportContextCustomizer@3a0807b7, org.springframework.boot.test.autoconfigure.properties.PropertyMappingContextCustomizer@0, org.springframework.boot.test.autoconfigure.web.servlet.WebDriverContextCustomizerFactory$Customizer@649f2009], contextLoader = 'org.springframework.test.context.support.DelegatingSmartContextLoader', parent = [null]]].
16:29:37.636 [main] DEBUG org.springframework.core.env.StandardEnvironment - Activating profiles []
16:29:37.636 [main] DEBUG org.springframework.test.context.support.AnnotationConfigContextLoader - Registering component classes: {class com.pizzahub.coupon.controller.CouponController, class com.pizzahub.coupon.service.CouponService}
16:29:37.672 [main] DEBUG org.springframework.context.support.GenericApplicationContext - Refreshing org.springframework.context.support.GenericApplicationContext@78b236a0
16:29:37.680 [main] DEBUG org.springframework.beans.factory.support.DefaultListableBeanFactory - Creating shared instance of singleton bean 'org.springframework.context.annotation.internalConfigurationAnnotationProcessor'
16:29:37.721 [main] DEBUG org.springframework.beans.factory.support.DefaultListableBeanFactory - Creating shared instance of singleton bean 'org.springframework.boot.test.mock.mockito.MockitoPostProcessor'
16:29:38.097 [main] DEBUG org.springframework.beans.factory.support.DefaultListableBeanFactory - Creating shared instance of singleton bean 'org.springframework.context.event.internalEventListenerProcessor'
16:29:38.098 [main] DEBUG org.springframework.beans.factory.support.DefaultListableBeanFactory - Creating shared instance of singleton bean 'org.springframework.context.event.internalEventListenerFactory'
16:29:38.099 [main] DEBUG org.springframework.beans.factory.support.DefaultListableBeanFactory - Creating shared instance of singleton bean 'org.springframework.context.annotation.internalAutowiredAnnotationProcessor'
16:29:38.100 [main] DEBUG org.springframework.beans.factory.support.DefaultListableBeanFactory - Creating shared instance of singleton bean 'org.springframework.context.annotation.internalCommonAnnotationProcessor'
16:29:38.103 [main] DEBUG org.springframework.beans.factory.support.DefaultListableBeanFactory - Creating shared instance of singleton bean 'org.springframework.context.annotation.internalPersistenceAnnotationProcessor'
16:29:38.103 [main] DEBUG org.springframework.beans.factory.support.DefaultListableBeanFactory - Creating shared instance of singleton bean 'org.springframework.boot.test.mock.mockito.MockitoPostProcessor$SpyPostProcessor'
16:29:38.112 [main] DEBUG org.springframework.beans.factory.support.DefaultListableBeanFactory - Creating shared instance of singleton bean 'couponController'
16:29:38.123 [main] DEBUG org.springframework.beans.factory.support.DefaultListableBeanFactory - Creating shared instance of singleton bean 'couponService'
16:29:38.136 [main] DEBUG org.springframework.test.context.cache.DefaultCacheAwareContextLoaderDelegate - Storing ApplicationContext [2024945312] in cache under key [[MergedContextConfiguration@62df0ff3 testClass = CouponControllerTest, locations = '{}', classes = '{class com.pizzahub.coupon.controller.CouponController, class com.pizzahub.coupon.service.CouponService}', contextInitializerClasses = '[]', activeProfiles = '{}', propertySourceLocations = '{}', propertySourceProperties = '{}', contextCustomizers = set[org.springframework.boot.test.context.filter.ExcludeFilterContextCustomizer@56102e1c, org.springframework.boot.test.json.DuplicateJsonObjectContextCustomizerFactory$DuplicateJsonObjectContextCustomizer@3b366632, org.springframework.boot.test.mock.mockito.MockitoContextCustomizer@1b4c4a1a, org.springframework.boot.test.autoconfigure.actuate.metrics.MetricsExportContextCustomizerFactory$DisableMetricExportContextCustomizer@3a0807b7, org.springframework.boot.test.autoconfigure.properties.PropertyMappingContextCustomizer@0, org.springframework.boot.test.autoconfigure.web.servlet.WebDriverContextCustomizerFactory$Customizer@649f2009], contextLoader = 'org.springframework.test.context.support.DelegatingSmartContextLoader', parent = [null]]]
16:29:38.137 [main] DEBUG org.springframework.test.context.cache - Spring test ApplicationContext cache statistics: [DefaultContextCache@7d1f3fe9 size = 1, maxSize = 32, parentContextCount = 0, hitCount = 0, missCount = 1]
16:29:38.137 [main] DEBUG org.springframework.test.context.support.DependencyInjectionTestExecutionListener - Performing dependency injection for test context [[DefaultTestContext@b09fac1 testClass = CouponControllerTest, testInstance = com.pizzahub.coupon.controller.CouponControllerTest@75ed7512, testMethod = [null], testException = [null], mergedContextConfiguration = [MergedContextConfiguration@62df0ff3 testClass = CouponControllerTest, locations = '{}', classes = '{class com.pizzahub.coupon.controller.CouponController, class com.pizzahub.coupon.service.CouponService}', contextInitializerClasses = '[]', activeProfiles = '{}', propertySourceLocations = '{}', propertySourceProperties = '{}', contextCustomizers = set[org.springframework.boot.test.context.filter.ExcludeFilterContextCustomizer@56102e1c, org.springframework.boot.test.json.DuplicateJsonObjectContextCustomizerFactory$DuplicateJsonObjectContextCustomizer@3b366632, org.springframework.boot.test.mock.mockito.MockitoContextCustomizer@1b4c4a1a, org.springframework.boot.test.autoconfigure.actuate.metrics.MetricsExportContextCustomizerFactory$DisableMetricExportContextCustomizer@3a0807b7, org.springframework.boot.test.autoconfigure.properties.PropertyMappingContextCustomizer@0, org.springframework.boot.test.autoconfigure.web.servlet.WebDriverContextCustomizerFactory$Customizer@649f2009], contextLoader = 'org.springframework.test.context.support.DelegatingSmartContextLoader', parent = [null]], attributes = map['org.springframework.test.context.event.ApplicationEventsTestExecutionListener.recordApplicationEvents' -> false]]].
16:29:38.137 [main] DEBUG org.springframework.test.context.cache.DefaultCacheAwareContextLoaderDelegate - Retrieved ApplicationContext [2024945312] from cache with key [[MergedContextConfiguration@62df0ff3 testClass = CouponControllerTest, locations = '{}', classes = '{class com.pizzahub.coupon.controller.CouponController, class com.pizzahub.coupon.service.CouponService}', contextInitializerClasses = '[]', activeProfiles = '{}', propertySourceLocations = '{}', propertySourceProperties = '{}', contextCustomizers = set[org.springframework.boot.test.context.filter.ExcludeFilterContextCustomizer@56102e1c, org.springframework.boot.test.json.DuplicateJsonObjectContextCustomizerFactory$DuplicateJsonObjectContextCustomizer@3b366632, org.springframework.boot.test.mock.mockito.MockitoContextCustomizer@1b4c4a1a, org.springframework.boot.test.autoconfigure.actuate.metrics.MetricsExportContextCustomizerFactory$DisableMetricExportContextCustomizer@3a0807b7, org.springframework.boot.test.autoconfigure.properties.PropertyMappingContextCustomizer@0, org.springframework.boot.test.autoconfigure.web.servlet.WebDriverContextCustomizerFactory$Customizer@649f2009], contextLoader = 'org.springframework.test.context.support.DelegatingSmartContextLoader', parent = [null]]]
16:29:38.137 [main] DEBUG org.springframework.test.context.cache - Spring test ApplicationContext cache statistics: [DefaultContextCache@7d1f3fe9 size = 1, maxSize = 32, parentContextCount = 0, hitCount = 1, missCount = 1]
16:29:38.140 [main] DEBUG org.springframework.test.context.cache.DefaultCacheAwareContextLoaderDelegate - Retrieved ApplicationContext [2024945312] from cache with key [[MergedContextConfiguration@62df0ff3 testClass = CouponControllerTest, locations = '{}', classes = '{class com.pizzahub.coupon.controller.CouponController, class com.pizzahub.coupon.service.CouponService}', contextInitializerClasses = '[]', activeProfiles = '{}', propertySourceLocations = '{}', propertySourceProperties = '{}', contextCustomizers = set[org.springframework.boot.test.context.filter.ExcludeFilterContextCustomizer@56102e1c, org.springframework.boot.test.json.DuplicateJsonObjectContextCustomizerFactory$DuplicateJsonObjectContextCustomizer@3b366632, org.springframework.boot.test.mock.mockito.MockitoContextCustomizer@1b4c4a1a, org.springframework.boot.test.autoconfigure.actuate.metrics.MetricsExportContextCustomizerFactory$DisableMetricExportContextCustomizer@3a0807b7, org.springframework.boot.test.autoconfigure.properties.PropertyMappingContextCustomizer@0, org.springframework.boot.test.autoconfigure.web.servlet.WebDriverContextCustomizerFactory$Customizer@649f2009], contextLoader = 'org.springframework.test.context.support.DelegatingSmartContextLoader', parent = [null]]]
16:29:38.140 [main] DEBUG org.springframework.test.context.cache - Spring test ApplicationContext cache statistics: [DefaultContextCache@7d1f3fe9 size = 1, maxSize = 32, parentContextCount = 0, hitCount = 2, missCount = 1]
]]></system-out>
  </testcase>
  <testcase name="testAddCoupon3" classname="com.pizzahub.coupon.controller.CouponControllerTest" time="0.519"/>
  <testcase name="testGetCouponById" classname="com.pizzahub.coupon.controller.CouponControllerTest" time="0">
    <skipped message="TODO: Complete this test"/>
    <system-out><![CDATA[16:29:38.665 [main] DEBUG org.springframework.test.context.cache.DefaultCacheAwareContextLoaderDelegate - Retrieved ApplicationContext [2024945312] from cache with key [[MergedContextConfiguration@62df0ff3 testClass = CouponControllerTest, locations = '{}', classes = '{class com.pizzahub.coupon.controller.CouponController, class com.pizzahub.coupon.service.CouponService}', contextInitializerClasses = '[]', activeProfiles = '{}', propertySourceLocations = '{}', propertySourceProperties = '{}', contextCustomizers = set[org.springframework.boot.test.context.filter.ExcludeFilterContextCustomizer@56102e1c, org.springframework.boot.test.json.DuplicateJsonObjectContextCustomizerFactory$DuplicateJsonObjectContextCustomizer@3b366632, org.springframework.boot.test.mock.mockito.MockitoContextCustomizer@1b4c4a1a, org.springframework.boot.test.autoconfigure.actuate.metrics.MetricsExportContextCustomizerFactory$DisableMetricExportContextCustomizer@3a0807b7, org.springframework.boot.test.autoconfigure.properties.PropertyMappingContextCustomizer@0, org.springframework.boot.test.autoconfigure.web.servlet.WebDriverContextCustomizerFactory$Customizer@649f2009], contextLoader = 'org.springframework.test.context.support.DelegatingSmartContextLoader', parent = [null]]]
16:29:38.665 [main] DEBUG org.springframework.test.context.cache - Spring test ApplicationContext cache statistics: [DefaultContextCache@7d1f3fe9 size = 1, maxSize = 32, parentContextCount = 0, hitCount = 15, missCount = 1]
16:29:38.665 [main] DEBUG org.springframework.test.context.support.DependencyInjectionTestExecutionListener - Performing dependency injection for test context [[DefaultTestContext@b09fac1 testClass = CouponControllerTest, testInstance = com.pizzahub.coupon.controller.CouponControllerTest@7f69c4c0, testMethod = [null], testException = [null], mergedContextConfiguration = [MergedContextConfiguration@62df0ff3 testClass = CouponControllerTest, locations = '{}', classes = '{class com.pizzahub.coupon.controller.CouponController, class com.pizzahub.coupon.service.CouponService}', contextInitializerClasses = '[]', activeProfiles = '{}', propertySourceLocations = '{}', propertySourceProperties = '{}', contextCustomizers = set[org.springframework.boot.test.context.filter.ExcludeFilterContextCustomizer@56102e1c, org.springframework.boot.test.json.DuplicateJsonObjectContextCustomizerFactory$DuplicateJsonObjectContextCustomizer@3b366632, org.springframework.boot.test.mock.mockito.MockitoContextCustomizer@1b4c4a1a, org.springframework.boot.test.autoconfigure.actuate.metrics.MetricsExportContextCustomizerFactory$DisableMetricExportContextCustomizer@3a0807b7, org.springframework.boot.test.autoconfigure.properties.PropertyMappingContextCustomizer@0, org.springframework.boot.test.autoconfigure.web.servlet.WebDriverContextCustomizerFactory$Customizer@649f2009], contextLoader = 'org.springframework.test.context.support.DelegatingSmartContextLoader', parent = [null]], attributes = map['org.springframework.test.context.event.ApplicationEventsTestExecutionListener.recordApplicationEvents' -> false]]].
16:29:38.665 [main] DEBUG org.springframework.test.context.cache.DefaultCacheAwareContextLoaderDelegate - Retrieved ApplicationContext [2024945312] from cache with key [[MergedContextConfiguration@62df0ff3 testClass = CouponControllerTest, locations = '{}', classes = '{class com.pizzahub.coupon.controller.CouponController, class com.pizzahub.coupon.service.CouponService}', contextInitializerClasses = '[]', activeProfiles = '{}', propertySourceLocations = '{}', propertySourceProperties = '{}', contextCustomizers = set[org.springframework.boot.test.context.filter.ExcludeFilterContextCustomizer@56102e1c, org.springframework.boot.test.json.DuplicateJsonObjectContextCustomizerFactory$DuplicateJsonObjectContextCustomizer@3b366632, org.springframework.boot.test.mock.mockito.MockitoContextCustomizer@1b4c4a1a, org.springframework.boot.test.autoconfigure.actuate.metrics.MetricsExportContextCustomizerFactory$DisableMetricExportContextCustomizer@3a0807b7, org.springframework.boot.test.autoconfigure.properties.PropertyMappingContextCustomizer@0, org.springframework.boot.test.autoconfigure.web.servlet.WebDriverContextCustomizerFactory$Customizer@649f2009], contextLoader = 'org.springframework.test.context.support.DelegatingSmartContextLoader', parent = [null]]]
16:29:38.665 [main] DEBUG org.springframework.test.context.cache - Spring test ApplicationContext cache statistics: [DefaultContextCache@7d1f3fe9 size = 1, maxSize = 32, parentContextCount = 0, hitCount = 16, missCount = 1]
16:29:38.665 [main] DEBUG org.springframework.test.context.cache.DefaultCacheAwareContextLoaderDelegate - Retrieved ApplicationContext [2024945312] from cache with key [[MergedContextConfiguration@62df0ff3 testClass = CouponControllerTest, locations = '{}', classes = '{class com.pizzahub.coupon.controller.CouponController, class com.pizzahub.coupon.service.CouponService}', contextInitializerClasses = '[]', activeProfiles = '{}', propertySourceLocations = '{}', propertySourceProperties = '{}', contextCustomizers = set[org.springframework.boot.test.context.filter.ExcludeFilterContextCustomizer@56102e1c, org.springframework.boot.test.json.DuplicateJsonObjectContextCustomizerFactory$DuplicateJsonObjectContextCustomizer@3b366632, org.springframework.boot.test.mock.mockito.MockitoContextCustomizer@1b4c4a1a, org.springframework.boot.test.autoconfigure.actuate.metrics.MetricsExportContextCustomizerFactory$DisableMetricExportContextCustomizer@3a0807b7, org.springframework.boot.test.autoconfigure.properties.PropertyMappingContextCustomizer@0, org.springframework.boot.test.autoconfigure.web.servlet.WebDriverContextCustomizerFactory$Customizer@649f2009], contextLoader = 'org.springframework.test.context.support.DelegatingSmartContextLoader', parent = [null]]]
16:29:38.665 [main] DEBUG org.springframework.test.context.cache - Spring test ApplicationContext cache statistics: [DefaultContextCache@7d1f3fe9 size = 1, maxSize = 32, parentContextCount = 0, hitCount = 17, missCount = 1]
]]></system-out>
  </testcase>
  <testcase name="testDeleteCoupon2" classname="com.pizzahub.coupon.controller.CouponControllerTest" time="0.015"/>
  <testcase name="testGetCouponByName" classname="com.pizzahub.coupon.controller.CouponControllerTest" time="0">
    <skipped message="TODO: Complete this test"/>
    <system-out><![CDATA[16:29:38.682 [main] DEBUG org.springframework.test.context.cache.DefaultCacheAwareContextLoaderDelegate - Retrieved ApplicationContext [2024945312] from cache with key [[MergedContextConfiguration@62df0ff3 testClass = CouponControllerTest, locations = '{}', classes = '{class com.pizzahub.coupon.controller.CouponController, class com.pizzahub.coupon.service.CouponService}', contextInitializerClasses = '[]', activeProfiles = '{}', propertySourceLocations = '{}', propertySourceProperties = '{}', contextCustomizers = set[org.springframework.boot.test.context.filter.ExcludeFilterContextCustomizer@56102e1c, org.springframework.boot.test.json.DuplicateJsonObjectContextCustomizerFactory$DuplicateJsonObjectContextCustomizer@3b366632, org.springframework.boot.test.mock.mockito.MockitoContextCustomizer@1b4c4a1a, org.springframework.boot.test.autoconfigure.actuate.metrics.MetricsExportContextCustomizerFactory$DisableMetricExportContextCustomizer@3a0807b7, org.springframework.boot.test.autoconfigure.properties.PropertyMappingContextCustomizer@0, org.springframework.boot.test.autoconfigure.web.servlet.WebDriverContextCustomizerFactory$Customizer@649f2009], contextLoader = 'org.springframework.test.context.support.DelegatingSmartContextLoader', parent = [null]]]
16:29:38.682 [main] DEBUG org.springframework.test.context.cache - Spring test ApplicationContext cache statistics: [DefaultContextCache@7d1f3fe9 size = 1, maxSize = 32, parentContextCount = 0, hitCount = 30, missCount = 1]
16:29:38.682 [main] DEBUG org.springframework.test.context.support.DependencyInjectionTestExecutionListener - Performing dependency injection for test context [[DefaultTestContext@b09fac1 testClass = CouponControllerTest, testInstance = com.pizzahub.coupon.controller.CouponControllerTest@2ef3efcc, testMethod = [null], testException = [null], mergedContextConfiguration = [MergedContextConfiguration@62df0ff3 testClass = CouponControllerTest, locations = '{}', classes = '{class com.pizzahub.coupon.controller.CouponController, class com.pizzahub.coupon.service.CouponService}', contextInitializerClasses = '[]', activeProfiles = '{}', propertySourceLocations = '{}', propertySourceProperties = '{}', contextCustomizers = set[org.springframework.boot.test.context.filter.ExcludeFilterContextCustomizer@56102e1c, org.springframework.boot.test.json.DuplicateJsonObjectContextCustomizerFactory$DuplicateJsonObjectContextCustomizer@3b366632, org.springframework.boot.test.mock.mockito.MockitoContextCustomizer@1b4c4a1a, org.springframework.boot.test.autoconfigure.actuate.metrics.MetricsExportContextCustomizerFactory$DisableMetricExportContextCustomizer@3a0807b7, org.springframework.boot.test.autoconfigure.properties.PropertyMappingContextCustomizer@0, org.springframework.boot.test.autoconfigure.web.servlet.WebDriverContextCustomizerFactory$Customizer@649f2009], contextLoader = 'org.springframework.test.context.support.DelegatingSmartContextLoader', parent = [null]], attributes = map['org.springframework.test.context.event.ApplicationEventsTestExecutionListener.recordApplicationEvents' -> false]]].
16:29:38.682 [main] DEBUG org.springframework.test.context.cache.DefaultCacheAwareContextLoaderDelegate - Retrieved ApplicationContext [2024945312] from cache with key [[MergedContextConfiguration@62df0ff3 testClass = CouponControllerTest, locations = '{}', classes = '{class com.pizzahub.coupon.controller.CouponController, class com.pizzahub.coupon.service.CouponService}', contextInitializerClasses = '[]', activeProfiles = '{}', propertySourceLocations = '{}', propertySourceProperties = '{}', contextCustomizers = set[org.springframework.boot.test.context.filter.ExcludeFilterContextCustomizer@56102e1c, org.springframework.boot.test.json.DuplicateJsonObjectContextCustomizerFactory$DuplicateJsonObjectContextCustomizer@3b366632, org.springframework.boot.test.mock.mockito.MockitoContextCustomizer@1b4c4a1a, org.springframework.boot.test.autoconfigure.actuate.metrics.MetricsExportContextCustomizerFactory$DisableMetricExportContextCustomizer@3a0807b7, org.springframework.boot.test.autoconfigure.properties.PropertyMappingContextCustomizer@0, org.springframework.boot.test.autoconfigure.web.servlet.WebDriverContextCustomizerFactory$Customizer@649f2009], contextLoader = 'org.springframework.test.context.support.DelegatingSmartContextLoader', parent = [null]]]
16:29:38.683 [main] DEBUG org.springframework.test.context.cache - Spring test ApplicationContext cache statistics: [DefaultContextCache@7d1f3fe9 size = 1, maxSize = 32, parentContextCount = 0, hitCount = 31, missCount = 1]
16:29:38.683 [main] DEBUG org.springframework.test.context.cache.DefaultCacheAwareContextLoaderDelegate - Retrieved ApplicationContext [2024945312] from cache with key [[MergedContextConfiguration@62df0ff3 testClass = CouponControllerTest, locations = '{}', classes = '{class com.pizzahub.coupon.controller.CouponController, class com.pizzahub.coupon.service.CouponService}', contextInitializerClasses = '[]', activeProfiles = '{}', propertySourceLocations = '{}', propertySourceProperties = '{}', contextCustomizers = set[org.springframework.boot.test.context.filter.ExcludeFilterContextCustomizer@56102e1c, org.springframework.boot.test.json.DuplicateJsonObjectContextCustomizerFactory$DuplicateJsonObjectContextCustomizer@3b366632, org.springframework.boot.test.mock.mockito.MockitoContextCustomizer@1b4c4a1a, org.springframework.boot.test.autoconfigure.actuate.metrics.MetricsExportContextCustomizerFactory$DisableMetricExportContextCustomizer@3a0807b7, org.springframework.boot.test.autoconfigure.properties.PropertyMappingContextCustomizer@0, org.springframework.boot.test.autoconfigure.web.servlet.WebDriverContextCustomizerFactory$Customizer@649f2009], contextLoader = 'org.springframework.test.context.support.DelegatingSmartContextLoader', parent = [null]]]
16:29:38.683 [main] DEBUG org.springframework.test.context.cache - Spring test ApplicationContext cache statistics: [DefaultContextCache@7d1f3fe9 size = 1, maxSize = 32, parentContextCount = 0, hitCount = 32, missCount = 1]
]]></system-out>
  </testcase>
  <testcase name="testGetApplicableCoupons" classname="com.pizzahub.coupon.controller.CouponControllerTest" time="0">
    <skipped message="TODO: Complete this test"/>
    <system-out><![CDATA[16:29:38.683 [main] DEBUG org.springframework.test.context.cache.DefaultCacheAwareContextLoaderDelegate - Retrieved ApplicationContext [2024945312] from cache with key [[MergedContextConfiguration@62df0ff3 testClass = CouponControllerTest, locations = '{}', classes = '{class com.pizzahub.coupon.controller.CouponController, class com.pizzahub.coupon.service.CouponService}', contextInitializerClasses = '[]', activeProfiles = '{}', propertySourceLocations = '{}', propertySourceProperties = '{}', contextCustomizers = set[org.springframework.boot.test.context.filter.ExcludeFilterContextCustomizer@56102e1c, org.springframework.boot.test.json.DuplicateJsonObjectContextCustomizerFactory$DuplicateJsonObjectContextCustomizer@3b366632, org.springframework.boot.test.mock.mockito.MockitoContextCustomizer@1b4c4a1a, org.springframework.boot.test.autoconfigure.actuate.metrics.MetricsExportContextCustomizerFactory$DisableMetricExportContextCustomizer@3a0807b7, org.springframework.boot.test.autoconfigure.properties.PropertyMappingContextCustomizer@0, org.springframework.boot.test.autoconfigure.web.servlet.WebDriverContextCustomizerFactory$Customizer@649f2009], contextLoader = 'org.springframework.test.context.support.DelegatingSmartContextLoader', parent = [null]]]
16:29:38.683 [main] DEBUG org.springframework.test.context.cache - Spring test ApplicationContext cache statistics: [DefaultContextCache@7d1f3fe9 size = 1, maxSize = 32, parentContextCount = 0, hitCount = 33, missCount = 1]
16:29:38.684 [main] DEBUG org.springframework.test.context.support.DependencyInjectionTestExecutionListener - Performing dependency injection for test context [[DefaultTestContext@b09fac1 testClass = CouponControllerTest, testInstance = com.pizzahub.coupon.controller.CouponControllerTest@772589ed, testMethod = [null], testException = [null], mergedContextConfiguration = [MergedContextConfiguration@62df0ff3 testClass = CouponControllerTest, locations = '{}', classes = '{class com.pizzahub.coupon.controller.CouponController, class com.pizzahub.coupon.service.CouponService}', contextInitializerClasses = '[]', activeProfiles = '{}', propertySourceLocations = '{}', propertySourceProperties = '{}', contextCustomizers = set[org.springframework.boot.test.context.filter.ExcludeFilterContextCustomizer@56102e1c, org.springframework.boot.test.json.DuplicateJsonObjectContextCustomizerFactory$DuplicateJsonObjectContextCustomizer@3b366632, org.springframework.boot.test.mock.mockito.MockitoContextCustomizer@1b4c4a1a, org.springframework.boot.test.autoconfigure.actuate.metrics.MetricsExportContextCustomizerFactory$DisableMetricExportContextCustomizer@3a0807b7, org.springframework.boot.test.autoconfigure.properties.PropertyMappingContextCustomizer@0, org.springframework.boot.test.autoconfigure.web.servlet.WebDriverContextCustomizerFactory$Customizer@649f2009], contextLoader = 'org.springframework.test.context.support.DelegatingSmartContextLoader', parent = [null]], attributes = map['org.springframework.test.context.event.ApplicationEventsTestExecutionListener.recordApplicationEvents' -> false]]].
16:29:38.684 [main] DEBUG org.springframework.test.context.cache.DefaultCacheAwareContextLoaderDelegate - Retrieved ApplicationContext [2024945312] from cache with key [[MergedContextConfiguration@62df0ff3 testClass = CouponControllerTest, locations = '{}', classes = '{class com.pizzahub.coupon.controller.CouponController, class com.pizzahub.coupon.service.CouponService}', contextInitializerClasses = '[]', activeProfiles = '{}', propertySourceLocations = '{}', propertySourceProperties = '{}', contextCustomizers = set[org.springframework.boot.test.context.filter.ExcludeFilterContextCustomizer@56102e1c, org.springframework.boot.test.json.DuplicateJsonObjectContextCustomizerFactory$DuplicateJsonObjectContextCustomizer@3b366632, org.springframework.boot.test.mock.mockito.MockitoContextCustomizer@1b4c4a1a, org.springframework.boot.test.autoconfigure.actuate.metrics.MetricsExportContextCustomizerFactory$DisableMetricExportContextCustomizer@3a0807b7, org.springframework.boot.test.autoconfigure.properties.PropertyMappingContextCustomizer@0, org.springframework.boot.test.autoconfigure.web.servlet.WebDriverContextCustomizerFactory$Customizer@649f2009], contextLoader = 'org.springframework.test.context.support.DelegatingSmartContextLoader', parent = [null]]]
16:29:38.684 [main] DEBUG org.springframework.test.context.cache - Spring test ApplicationContext cache statistics: [DefaultContextCache@7d1f3fe9 size = 1, maxSize = 32, parentContextCount = 0, hitCount = 34, missCount = 1]
16:29:38.684 [main] DEBUG org.springframework.test.context.cache.DefaultCacheAwareContextLoaderDelegate - Retrieved ApplicationContext [2024945312] from cache with key [[MergedContextConfiguration@62df0ff3 testClass = CouponControllerTest, locations = '{}', classes = '{class com.pizzahub.coupon.controller.CouponController, class com.pizzahub.coupon.service.CouponService}', contextInitializerClasses = '[]', activeProfiles = '{}', propertySourceLocations = '{}', propertySourceProperties = '{}', contextCustomizers = set[org.springframework.boot.test.context.filter.ExcludeFilterContextCustomizer@56102e1c, org.springframework.boot.test.json.DuplicateJsonObjectContextCustomizerFactory$DuplicateJsonObjectContextCustomizer@3b366632, org.springframework.boot.test.mock.mockito.MockitoContextCustomizer@1b4c4a1a, org.springframework.boot.test.autoconfigure.actuate.metrics.MetricsExportContextCustomizerFactory$DisableMetricExportContextCustomizer@3a0807b7, org.springframework.boot.test.autoconfigure.properties.PropertyMappingContextCustomizer@0, org.springframework.boot.test.autoconfigure.web.servlet.WebDriverContextCustomizerFactory$Customizer@649f2009], contextLoader = 'org.springframework.test.context.support.DelegatingSmartContextLoader', parent = [null]]]
16:29:38.684 [main] DEBUG org.springframework.test.context.cache - Spring test ApplicationContext cache statistics: [DefaultContextCache@7d1f3fe9 size = 1, maxSize = 32, parentContextCount = 0, hitCount = 35, missCount = 1]
]]></system-out>
  </testcase>
  <testcase name="testGetApplicableCoupons2" classname="com.pizzahub.coupon.controller.CouponControllerTest" time="0.012"/>
  <testcase name="testGetApplicableCoupons3" classname="com.pizzahub.coupon.controller.CouponControllerTest" time="0.011"/>
  <testcase name="testUpdateCoupon" classname="com.pizzahub.coupon.controller.CouponControllerTest" time="0">
    <skipped message="TODO: Complete this test"/>
    <system-out><![CDATA[16:29:38.709 [main] DEBUG org.springframework.test.context.cache.DefaultCacheAwareContextLoaderDelegate - Retrieved ApplicationContext [2024945312] from cache with key [[MergedContextConfiguration@62df0ff3 testClass = CouponControllerTest, locations = '{}', classes = '{class com.pizzahub.coupon.controller.CouponController, class com.pizzahub.coupon.service.CouponService}', contextInitializerClasses = '[]', activeProfiles = '{}', propertySourceLocations = '{}', propertySourceProperties = '{}', contextCustomizers = set[org.springframework.boot.test.context.filter.ExcludeFilterContextCustomizer@56102e1c, org.springframework.boot.test.json.DuplicateJsonObjectContextCustomizerFactory$DuplicateJsonObjectContextCustomizer@3b366632, org.springframework.boot.test.mock.mockito.MockitoContextCustomizer@1b4c4a1a, org.springframework.boot.test.autoconfigure.actuate.metrics.MetricsExportContextCustomizerFactory$DisableMetricExportContextCustomizer@3a0807b7, org.springframework.boot.test.autoconfigure.properties.PropertyMappingContextCustomizer@0, org.springframework.boot.test.autoconfigure.web.servlet.WebDriverContextCustomizerFactory$Customizer@649f2009], contextLoader = 'org.springframework.test.context.support.DelegatingSmartContextLoader', parent = [null]]]
16:29:38.709 [main] DEBUG org.springframework.test.context.cache - Spring test ApplicationContext cache statistics: [DefaultContextCache@7d1f3fe9 size = 1, maxSize = 32, parentContextCount = 0, hitCount = 60, missCount = 1]
16:29:38.709 [main] DEBUG org.springframework.test.context.support.DependencyInjectionTestExecutionListener - Performing dependency injection for test context [[DefaultTestContext@b09fac1 testClass = CouponControllerTest, testInstance = com.pizzahub.coupon.controller.CouponControllerTest@7b1b1784, testMethod = [null], testException = [null], mergedContextConfiguration = [MergedContextConfiguration@62df0ff3 testClass = CouponControllerTest, locations = '{}', classes = '{class com.pizzahub.coupon.controller.CouponController, class com.pizzahub.coupon.service.CouponService}', contextInitializerClasses = '[]', activeProfiles = '{}', propertySourceLocations = '{}', propertySourceProperties = '{}', contextCustomizers = set[org.springframework.boot.test.context.filter.ExcludeFilterContextCustomizer@56102e1c, org.springframework.boot.test.json.DuplicateJsonObjectContextCustomizerFactory$DuplicateJsonObjectContextCustomizer@3b366632, org.springframework.boot.test.mock.mockito.MockitoContextCustomizer@1b4c4a1a, org.springframework.boot.test.autoconfigure.actuate.metrics.MetricsExportContextCustomizerFactory$DisableMetricExportContextCustomizer@3a0807b7, org.springframework.boot.test.autoconfigure.properties.PropertyMappingContextCustomizer@0, org.springframework.boot.test.autoconfigure.web.servlet.WebDriverContextCustomizerFactory$Customizer@649f2009], contextLoader = 'org.springframework.test.context.support.DelegatingSmartContextLoader', parent = [null]], attributes = map['org.springframework.test.context.event.ApplicationEventsTestExecutionListener.recordApplicationEvents' -> false]]].
16:29:38.709 [main] DEBUG org.springframework.test.context.cache.DefaultCacheAwareContextLoaderDelegate - Retrieved ApplicationContext [2024945312] from cache with key [[MergedContextConfiguration@62df0ff3 testClass = CouponControllerTest, locations = '{}', classes = '{class com.pizzahub.coupon.controller.CouponController, class com.pizzahub.coupon.service.CouponService}', contextInitializerClasses = '[]', activeProfiles = '{}', propertySourceLocations = '{}', propertySourceProperties = '{}', contextCustomizers = set[org.springframework.boot.test.context.filter.ExcludeFilterContextCustomizer@56102e1c, org.springframework.boot.test.json.DuplicateJsonObjectContextCustomizerFactory$DuplicateJsonObjectContextCustomizer@3b366632, org.springframework.boot.test.mock.mockito.MockitoContextCustomizer@1b4c4a1a, org.springframework.boot.test.autoconfigure.actuate.metrics.MetricsExportContextCustomizerFactory$DisableMetricExportContextCustomizer@3a0807b7, org.springframework.boot.test.autoconfigure.properties.PropertyMappingContextCustomizer@0, org.springframework.boot.test.autoconfigure.web.servlet.WebDriverContextCustomizerFactory$Customizer@649f2009], contextLoader = 'org.springframework.test.context.support.DelegatingSmartContextLoader', parent = [null]]]
16:29:38.709 [main] DEBUG org.springframework.test.context.cache - Spring test ApplicationContext cache statistics: [DefaultContextCache@7d1f3fe9 size = 1, maxSize = 32, parentContextCount = 0, hitCount = 61, missCount = 1]
16:29:38.709 [main] DEBUG org.springframework.test.context.cache.DefaultCacheAwareContextLoaderDelegate - Retrieved ApplicationContext [2024945312] from cache with key [[MergedContextConfiguration@62df0ff3 testClass = CouponControllerTest, locations = '{}', classes = '{class com.pizzahub.coupon.controller.CouponController, class com.pizzahub.coupon.service.CouponService}', contextInitializerClasses = '[]', activeProfiles = '{}', propertySourceLocations = '{}', propertySourceProperties = '{}', contextCustomizers = set[org.springframework.boot.test.context.filter.ExcludeFilterContextCustomizer@56102e1c, org.springframework.boot.test.json.DuplicateJsonObjectContextCustomizerFactory$DuplicateJsonObjectContextCustomizer@3b366632, org.springframework.boot.test.mock.mockito.MockitoContextCustomizer@1b4c4a1a, org.springframework.boot.test.autoconfigure.actuate.metrics.MetricsExportContextCustomizerFactory$DisableMetricExportContextCustomizer@3a0807b7, org.springframework.boot.test.autoconfigure.properties.PropertyMappingContextCustomizer@0, org.springframework.boot.test.autoconfigure.web.servlet.WebDriverContextCustomizerFactory$Customizer@649f2009], contextLoader = 'org.springframework.test.context.support.DelegatingSmartContextLoader', parent = [null]]]
16:29:38.709 [main] DEBUG org.springframework.test.context.cache - Spring test ApplicationContext cache statistics: [DefaultContextCache@7d1f3fe9 size = 1, maxSize = 32, parentContextCount = 0, hitCount = 62, missCount = 1]
]]></system-out>
  </testcase>
  <testcase name="testDeleteCoupon" classname="com.pizzahub.coupon.controller.CouponControllerTest" time="0">
    <skipped message="TODO: Complete this test"/>
    <system-out><![CDATA[16:29:38.710 [main] DEBUG org.springframework.test.context.cache.DefaultCacheAwareContextLoaderDelegate - Retrieved ApplicationContext [2024945312] from cache with key [[MergedContextConfiguration@62df0ff3 testClass = CouponControllerTest, locations = '{}', classes = '{class com.pizzahub.coupon.controller.CouponController, class com.pizzahub.coupon.service.CouponService}', contextInitializerClasses = '[]', activeProfiles = '{}', propertySourceLocations = '{}', propertySourceProperties = '{}', contextCustomizers = set[org.springframework.boot.test.context.filter.ExcludeFilterContextCustomizer@56102e1c, org.springframework.boot.test.json.DuplicateJsonObjectContextCustomizerFactory$DuplicateJsonObjectContextCustomizer@3b366632, org.springframework.boot.test.mock.mockito.MockitoContextCustomizer@1b4c4a1a, org.springframework.boot.test.autoconfigure.actuate.metrics.MetricsExportContextCustomizerFactory$DisableMetricExportContextCustomizer@3a0807b7, org.springframework.boot.test.autoconfigure.properties.PropertyMappingContextCustomizer@0, org.springframework.boot.test.autoconfigure.web.servlet.WebDriverContextCustomizerFactory$Customizer@649f2009], contextLoader = 'org.springframework.test.context.support.DelegatingSmartContextLoader', parent = [null]]]
16:29:38.710 [main] DEBUG org.springframework.test.context.cache - Spring test ApplicationContext cache statistics: [DefaultContextCache@7d1f3fe9 size = 1, maxSize = 32, parentContextCount = 0, hitCount = 63, missCount = 1]
16:29:38.710 [main] DEBUG org.springframework.test.context.support.DependencyInjectionTestExecutionListener - Performing dependency injection for test context [[DefaultTestContext@b09fac1 testClass = CouponControllerTest, testInstance = com.pizzahub.coupon.controller.CouponControllerTest@288e50c1, testMethod = [null], testException = [null], mergedContextConfiguration = [MergedContextConfiguration@62df0ff3 testClass = CouponControllerTest, locations = '{}', classes = '{class com.pizzahub.coupon.controller.CouponController, class com.pizzahub.coupon.service.CouponService}', contextInitializerClasses = '[]', activeProfiles = '{}', propertySourceLocations = '{}', propertySourceProperties = '{}', contextCustomizers = set[org.springframework.boot.test.context.filter.ExcludeFilterContextCustomizer@56102e1c, org.springframework.boot.test.json.DuplicateJsonObjectContextCustomizerFactory$DuplicateJsonObjectContextCustomizer@3b366632, org.springframework.boot.test.mock.mockito.MockitoContextCustomizer@1b4c4a1a, org.springframework.boot.test.autoconfigure.actuate.metrics.MetricsExportContextCustomizerFactory$DisableMetricExportContextCustomizer@3a0807b7, org.springframework.boot.test.autoconfigure.properties.PropertyMappingContextCustomizer@0, org.springframework.boot.test.autoconfigure.web.servlet.WebDriverContextCustomizerFactory$Customizer@649f2009], contextLoader = 'org.springframework.test.context.support.DelegatingSmartContextLoader', parent = [null]], attributes = map['org.springframework.test.context.event.ApplicationEventsTestExecutionListener.recordApplicationEvents' -> false]]].
16:29:38.710 [main] DEBUG org.springframework.test.context.cache.DefaultCacheAwareContextLoaderDelegate - Retrieved ApplicationContext [2024945312] from cache with key [[MergedContextConfiguration@62df0ff3 testClass = CouponControllerTest, locations = '{}', classes = '{class com.pizzahub.coupon.controller.CouponController, class com.pizzahub.coupon.service.CouponService}', contextInitializerClasses = '[]', activeProfiles = '{}', propertySourceLocations = '{}', propertySourceProperties = '{}', contextCustomizers = set[org.springframework.boot.test.context.filter.ExcludeFilterContextCustomizer@56102e1c, org.springframework.boot.test.json.DuplicateJsonObjectContextCustomizerFactory$DuplicateJsonObjectContextCustomizer@3b366632, org.springframework.boot.test.mock.mockito.MockitoContextCustomizer@1b4c4a1a, org.springframework.boot.test.autoconfigure.actuate.metrics.MetricsExportContextCustomizerFactory$DisableMetricExportContextCustomizer@3a0807b7, org.springframework.boot.test.autoconfigure.properties.PropertyMappingContextCustomizer@0, org.springframework.boot.test.autoconfigure.web.servlet.WebDriverContextCustomizerFactory$Customizer@649f2009], contextLoader = 'org.springframework.test.context.support.DelegatingSmartContextLoader', parent = [null]]]
16:29:38.710 [main] DEBUG org.springframework.test.context.cache - Spring test ApplicationContext cache statistics: [DefaultContextCache@7d1f3fe9 size = 1, maxSize = 32, parentContextCount = 0, hitCount = 64, missCount = 1]
16:29:38.710 [main] DEBUG org.springframework.test.context.cache.DefaultCacheAwareContextLoaderDelegate - Retrieved ApplicationContext [2024945312] from cache with key [[MergedContextConfiguration@62df0ff3 testClass = CouponControllerTest, locations = '{}', classes = '{class com.pizzahub.coupon.controller.CouponController, class com.pizzahub.coupon.service.CouponService}', contextInitializerClasses = '[]', activeProfiles = '{}', propertySourceLocations = '{}', propertySourceProperties = '{}', contextCustomizers = set[org.springframework.boot.test.context.filter.ExcludeFilterContextCustomizer@56102e1c, org.springframework.boot.test.json.DuplicateJsonObjectContextCustomizerFactory$DuplicateJsonObjectContextCustomizer@3b366632, org.springframework.boot.test.mock.mockito.MockitoContextCustomizer@1b4c4a1a, org.springframework.boot.test.autoconfigure.actuate.metrics.MetricsExportContextCustomizerFactory$DisableMetricExportContextCustomizer@3a0807b7, org.springframework.boot.test.autoconfigure.properties.PropertyMappingContextCustomizer@0, org.springframework.boot.test.autoconfigure.web.servlet.WebDriverContextCustomizerFactory$Customizer@649f2009], contextLoader = 'org.springframework.test.context.support.DelegatingSmartContextLoader', parent = [null]]]
16:29:38.710 [main] DEBUG org.springframework.test.context.cache - Spring test ApplicationContext cache statistics: [DefaultContextCache@7d1f3fe9 size = 1, maxSize = 32, parentContextCount = 0, hitCount = 65, missCount = 1]
]]></system-out>
  </testcase>
  <testcase name="testGetCouponById2" classname="com.pizzahub.coupon.controller.CouponControllerTest" time="0.013"/>
  <testcase name="testAddCoupon" classname="com.pizzahub.coupon.controller.CouponControllerTest" time="0">
    <skipped message="TODO: Complete this test"/>
    <system-out><![CDATA[16:29:38.725 [main] DEBUG org.springframework.test.context.cache.DefaultCacheAwareContextLoaderDelegate - Retrieved ApplicationContext [2024945312] from cache with key [[MergedContextConfiguration@62df0ff3 testClass = CouponControllerTest, locations = '{}', classes = '{class com.pizzahub.coupon.controller.CouponController, class com.pizzahub.coupon.service.CouponService}', contextInitializerClasses = '[]', activeProfiles = '{}', propertySourceLocations = '{}', propertySourceProperties = '{}', contextCustomizers = set[org.springframework.boot.test.context.filter.ExcludeFilterContextCustomizer@56102e1c, org.springframework.boot.test.json.DuplicateJsonObjectContextCustomizerFactory$DuplicateJsonObjectContextCustomizer@3b366632, org.springframework.boot.test.mock.mockito.MockitoContextCustomizer@1b4c4a1a, org.springframework.boot.test.autoconfigure.actuate.metrics.MetricsExportContextCustomizerFactory$DisableMetricExportContextCustomizer@3a0807b7, org.springframework.boot.test.autoconfigure.properties.PropertyMappingContextCustomizer@0, org.springframework.boot.test.autoconfigure.web.servlet.WebDriverContextCustomizerFactory$Customizer@649f2009], contextLoader = 'org.springframework.test.context.support.DelegatingSmartContextLoader', parent = [null]]]
16:29:38.725 [main] DEBUG org.springframework.test.context.cache - Spring test ApplicationContext cache statistics: [DefaultContextCache@7d1f3fe9 size = 1, maxSize = 32, parentContextCount = 0, hitCount = 78, missCount = 1]
16:29:38.725 [main] DEBUG org.springframework.test.context.support.DependencyInjectionTestExecutionListener - Performing dependency injection for test context [[DefaultTestContext@b09fac1 testClass = CouponControllerTest, testInstance = com.pizzahub.coupon.controller.CouponControllerTest@3e8eea59, testMethod = [null], testException = [null], mergedContextConfiguration = [MergedContextConfiguration@62df0ff3 testClass = CouponControllerTest, locations = '{}', classes = '{class com.pizzahub.coupon.controller.CouponController, class com.pizzahub.coupon.service.CouponService}', contextInitializerClasses = '[]', activeProfiles = '{}', propertySourceLocations = '{}', propertySourceProperties = '{}', contextCustomizers = set[org.springframework.boot.test.context.filter.ExcludeFilterContextCustomizer@56102e1c, org.springframework.boot.test.json.DuplicateJsonObjectContextCustomizerFactory$DuplicateJsonObjectContextCustomizer@3b366632, org.springframework.boot.test.mock.mockito.MockitoContextCustomizer@1b4c4a1a, org.springframework.boot.test.autoconfigure.actuate.metrics.MetricsExportContextCustomizerFactory$DisableMetricExportContextCustomizer@3a0807b7, org.springframework.boot.test.autoconfigure.properties.PropertyMappingContextCustomizer@0, org.springframework.boot.test.autoconfigure.web.servlet.WebDriverContextCustomizerFactory$Customizer@649f2009], contextLoader = 'org.springframework.test.context.support.DelegatingSmartContextLoader', parent = [null]], attributes = map['org.springframework.test.context.event.ApplicationEventsTestExecutionListener.recordApplicationEvents' -> false]]].
16:29:38.725 [main] DEBUG org.springframework.test.context.cache.DefaultCacheAwareContextLoaderDelegate - Retrieved ApplicationContext [2024945312] from cache with key [[MergedContextConfiguration@62df0ff3 testClass = CouponControllerTest, locations = '{}', classes = '{class com.pizzahub.coupon.controller.CouponController, class com.pizzahub.coupon.service.CouponService}', contextInitializerClasses = '[]', activeProfiles = '{}', propertySourceLocations = '{}', propertySourceProperties = '{}', contextCustomizers = set[org.springframework.boot.test.context.filter.ExcludeFilterContextCustomizer@56102e1c, org.springframework.boot.test.json.DuplicateJsonObjectContextCustomizerFactory$DuplicateJsonObjectContextCustomizer@3b366632, org.springframework.boot.test.mock.mockito.MockitoContextCustomizer@1b4c4a1a, org.springframework.boot.test.autoconfigure.actuate.metrics.MetricsExportContextCustomizerFactory$DisableMetricExportContextCustomizer@3a0807b7, org.springframework.boot.test.autoconfigure.properties.PropertyMappingContextCustomizer@0, org.springframework.boot.test.autoconfigure.web.servlet.WebDriverContextCustomizerFactory$Customizer@649f2009], contextLoader = 'org.springframework.test.context.support.DelegatingSmartContextLoader', parent = [null]]]
16:29:38.725 [main] DEBUG org.springframework.test.context.cache - Spring test ApplicationContext cache statistics: [DefaultContextCache@7d1f3fe9 size = 1, maxSize = 32, parentContextCount = 0, hitCount = 79, missCount = 1]
16:29:38.726 [main] DEBUG org.springframework.test.context.cache.DefaultCacheAwareContextLoaderDelegate - Retrieved ApplicationContext [2024945312] from cache with key [[MergedContextConfiguration@62df0ff3 testClass = CouponControllerTest, locations = '{}', classes = '{class com.pizzahub.coupon.controller.CouponController, class com.pizzahub.coupon.service.CouponService}', contextInitializerClasses = '[]', activeProfiles = '{}', propertySourceLocations = '{}', propertySourceProperties = '{}', contextCustomizers = set[org.springframework.boot.test.context.filter.ExcludeFilterContextCustomizer@56102e1c, org.springframework.boot.test.json.DuplicateJsonObjectContextCustomizerFactory$DuplicateJsonObjectContextCustomizer@3b366632, org.springframework.boot.test.mock.mockito.MockitoContextCustomizer@1b4c4a1a, org.springframework.boot.test.autoconfigure.actuate.metrics.MetricsExportContextCustomizerFactory$DisableMetricExportContextCustomizer@3a0807b7, org.springframework.boot.test.autoconfigure.properties.PropertyMappingContextCustomizer@0, org.springframework.boot.test.autoconfigure.web.servlet.WebDriverContextCustomizerFactory$Customizer@649f2009], contextLoader = 'org.springframework.test.context.support.DelegatingSmartContextLoader', parent = [null]]]
16:29:38.726 [main] DEBUG org.springframework.test.context.cache - Spring test ApplicationContext cache statistics: [DefaultContextCache@7d1f3fe9 size = 1, maxSize = 32, parentContextCount = 0, hitCount = 80, missCount = 1]
]]></system-out>
  </testcase>
  <testcase name="testGetallCoupons2" classname="com.pizzahub.coupon.controller.CouponControllerTest" time="0.015"/>
  <testcase name="testGetallCoupons3" classname="com.pizzahub.coupon.controller.CouponControllerTest" time="0.024"/>
  <testcase name="testApplyCoupon" classname="com.pizzahub.coupon.controller.CouponControllerTest" time="0">
    <skipped message="TODO: Complete this test"/>
    <system-out><![CDATA[16:29:38.770 [main] DEBUG org.springframework.test.context.cache.DefaultCacheAwareContextLoaderDelegate - Retrieved ApplicationContext [2024945312] from cache with key [[MergedContextConfiguration@62df0ff3 testClass = CouponControllerTest, locations = '{}', classes = '{class com.pizzahub.coupon.controller.CouponController, class com.pizzahub.coupon.service.CouponService}', contextInitializerClasses = '[]', activeProfiles = '{}', propertySourceLocations = '{}', propertySourceProperties = '{}', contextCustomizers = set[org.springframework.boot.test.context.filter.ExcludeFilterContextCustomizer@56102e1c, org.springframework.boot.test.json.DuplicateJsonObjectContextCustomizerFactory$DuplicateJsonObjectContextCustomizer@3b366632, org.springframework.boot.test.mock.mockito.MockitoContextCustomizer@1b4c4a1a, org.springframework.boot.test.autoconfigure.actuate.metrics.MetricsExportContextCustomizerFactory$DisableMetricExportContextCustomizer@3a0807b7, org.springframework.boot.test.autoconfigure.properties.PropertyMappingContextCustomizer@0, org.springframework.boot.test.autoconfigure.web.servlet.WebDriverContextCustomizerFactory$Customizer@649f2009], contextLoader = 'org.springframework.test.context.support.DelegatingSmartContextLoader', parent = [null]]]
16:29:38.770 [main] DEBUG org.springframework.test.context.cache - Spring test ApplicationContext cache statistics: [DefaultContextCache@7d1f3fe9 size = 1, maxSize = 32, parentContextCount = 0, hitCount = 105, missCount = 1]
16:29:38.770 [main] DEBUG org.springframework.test.context.support.DependencyInjectionTestExecutionListener - Performing dependency injection for test context [[DefaultTestContext@b09fac1 testClass = CouponControllerTest, testInstance = com.pizzahub.coupon.controller.CouponControllerTest@57cc0333, testMethod = [null], testException = [null], mergedContextConfiguration = [MergedContextConfiguration@62df0ff3 testClass = CouponControllerTest, locations = '{}', classes = '{class com.pizzahub.coupon.controller.CouponController, class com.pizzahub.coupon.service.CouponService}', contextInitializerClasses = '[]', activeProfiles = '{}', propertySourceLocations = '{}', propertySourceProperties = '{}', contextCustomizers = set[org.springframework.boot.test.context.filter.ExcludeFilterContextCustomizer@56102e1c, org.springframework.boot.test.json.DuplicateJsonObjectContextCustomizerFactory$DuplicateJsonObjectContextCustomizer@3b366632, org.springframework.boot.test.mock.mockito.MockitoContextCustomizer@1b4c4a1a, org.springframework.boot.test.autoconfigure.actuate.metrics.MetricsExportContextCustomizerFactory$DisableMetricExportContextCustomizer@3a0807b7, org.springframework.boot.test.autoconfigure.properties.PropertyMappingContextCustomizer@0, org.springframework.boot.test.autoconfigure.web.servlet.WebDriverContextCustomizerFactory$Customizer@649f2009], contextLoader = 'org.springframework.test.context.support.DelegatingSmartContextLoader', parent = [null]], attributes = map['org.springframework.test.context.event.ApplicationEventsTestExecutionListener.recordApplicationEvents' -> false]]].
16:29:38.770 [main] DEBUG org.springframework.test.context.cache.DefaultCacheAwareContextLoaderDelegate - Retrieved ApplicationContext [2024945312] from cache with key [[MergedContextConfiguration@62df0ff3 testClass = CouponControllerTest, locations = '{}', classes = '{class com.pizzahub.coupon.controller.CouponController, class com.pizzahub.coupon.service.CouponService}', contextInitializerClasses = '[]', activeProfiles = '{}', propertySourceLocations = '{}', propertySourceProperties = '{}', contextCustomizers = set[org.springframework.boot.test.context.filter.ExcludeFilterContextCustomizer@56102e1c, org.springframework.boot.test.json.DuplicateJsonObjectContextCustomizerFactory$DuplicateJsonObjectContextCustomizer@3b366632, org.springframework.boot.test.mock.mockito.MockitoContextCustomizer@1b4c4a1a, org.springframework.boot.test.autoconfigure.actuate.metrics.MetricsExportContextCustomizerFactory$DisableMetricExportContextCustomizer@3a0807b7, org.springframework.boot.test.autoconfigure.properties.PropertyMappingContextCustomizer@0, org.springframework.boot.test.autoconfigure.web.servlet.WebDriverContextCustomizerFactory$Customizer@649f2009], contextLoader = 'org.springframework.test.context.support.DelegatingSmartContextLoader', parent = [null]]]
16:29:38.770 [main] DEBUG org.springframework.test.context.cache - Spring test ApplicationContext cache statistics: [DefaultContextCache@7d1f3fe9 size = 1, maxSize = 32, parentContextCount = 0, hitCount = 106, missCount = 1]
16:29:38.771 [main] DEBUG org.springframework.test.context.cache.DefaultCacheAwareContextLoaderDelegate - Retrieved ApplicationContext [2024945312] from cache with key [[MergedContextConfiguration@62df0ff3 testClass = CouponControllerTest, locations = '{}', classes = '{class com.pizzahub.coupon.controller.CouponController, class com.pizzahub.coupon.service.CouponService}', contextInitializerClasses = '[]', activeProfiles = '{}', propertySourceLocations = '{}', propertySourceProperties = '{}', contextCustomizers = set[org.springframework.boot.test.context.filter.ExcludeFilterContextCustomizer@56102e1c, org.springframework.boot.test.json.DuplicateJsonObjectContextCustomizerFactory$DuplicateJsonObjectContextCustomizer@3b366632, org.springframework.boot.test.mock.mockito.MockitoContextCustomizer@1b4c4a1a, org.springframework.boot.test.autoconfigure.actuate.metrics.MetricsExportContextCustomizerFactory$DisableMetricExportContextCustomizer@3a0807b7, org.springframework.boot.test.autoconfigure.properties.PropertyMappingContextCustomizer@0, org.springframework.boot.test.autoconfigure.web.servlet.WebDriverContextCustomizerFactory$Customizer@649f2009], contextLoader = 'org.springframework.test.context.support.DelegatingSmartContextLoader', parent = [null]]]
16:29:38.771 [main] DEBUG org.springframework.test.context.cache - Spring test ApplicationContext cache statistics: [DefaultContextCache@7d1f3fe9 size = 1, maxSize = 32, parentContextCount = 0, hitCount = 107, missCount = 1]
]]></system-out>
  </testcase>
  <testcase name="testUpdateCoupon2" classname="com.pizzahub.coupon.controller.CouponControllerTest" time="0">
    <skipped message="TODO: Complete this test"/>
    <system-out><![CDATA[16:29:38.771 [main] DEBUG org.springframework.test.context.cache.DefaultCacheAwareContextLoaderDelegate - Retrieved ApplicationContext [2024945312] from cache with key [[MergedContextConfiguration@62df0ff3 testClass = CouponControllerTest, locations = '{}', classes = '{class com.pizzahub.coupon.controller.CouponController, class com.pizzahub.coupon.service.CouponService}', contextInitializerClasses = '[]', activeProfiles = '{}', propertySourceLocations = '{}', propertySourceProperties = '{}', contextCustomizers = set[org.springframework.boot.test.context.filter.ExcludeFilterContextCustomizer@56102e1c, org.springframework.boot.test.json.DuplicateJsonObjectContextCustomizerFactory$DuplicateJsonObjectContextCustomizer@3b366632, org.springframework.boot.test.mock.mockito.MockitoContextCustomizer@1b4c4a1a, org.springframework.boot.test.autoconfigure.actuate.metrics.MetricsExportContextCustomizerFactory$DisableMetricExportContextCustomizer@3a0807b7, org.springframework.boot.test.autoconfigure.properties.PropertyMappingContextCustomizer@0, org.springframework.boot.test.autoconfigure.web.servlet.WebDriverContextCustomizerFactory$Customizer@649f2009], contextLoader = 'org.springframework.test.context.support.DelegatingSmartContextLoader', parent = [null]]]
16:29:38.771 [main] DEBUG org.springframework.test.context.cache - Spring test ApplicationContext cache statistics: [DefaultContextCache@7d1f3fe9 size = 1, maxSize = 32, parentContextCount = 0, hitCount = 108, missCount = 1]
16:29:38.771 [main] DEBUG org.springframework.test.context.support.DependencyInjectionTestExecutionListener - Performing dependency injection for test context [[DefaultTestContext@b09fac1 testClass = CouponControllerTest, testInstance = com.pizzahub.coupon.controller.CouponControllerTest@1a916120, testMethod = [null], testException = [null], mergedContextConfiguration = [MergedContextConfiguration@62df0ff3 testClass = CouponControllerTest, locations = '{}', classes = '{class com.pizzahub.coupon.controller.CouponController, class com.pizzahub.coupon.service.CouponService}', contextInitializerClasses = '[]', activeProfiles = '{}', propertySourceLocations = '{}', propertySourceProperties = '{}', contextCustomizers = set[org.springframework.boot.test.context.filter.ExcludeFilterContextCustomizer@56102e1c, org.springframework.boot.test.json.DuplicateJsonObjectContextCustomizerFactory$DuplicateJsonObjectContextCustomizer@3b366632, org.springframework.boot.test.mock.mockito.MockitoContextCustomizer@1b4c4a1a, org.springframework.boot.test.autoconfigure.actuate.metrics.MetricsExportContextCustomizerFactory$DisableMetricExportContextCustomizer@3a0807b7, org.springframework.boot.test.autoconfigure.properties.PropertyMappingContextCustomizer@0, org.springframework.boot.test.autoconfigure.web.servlet.WebDriverContextCustomizerFactory$Customizer@649f2009], contextLoader = 'org.springframework.test.context.support.DelegatingSmartContextLoader', parent = [null]], attributes = map['org.springframework.test.context.event.ApplicationEventsTestExecutionListener.recordApplicationEvents' -> false]]].
16:29:38.771 [main] DEBUG org.springframework.test.context.cache.DefaultCacheAwareContextLoaderDelegate - Retrieved ApplicationContext [2024945312] from cache with key [[MergedContextConfiguration@62df0ff3 testClass = CouponControllerTest, locations = '{}', classes = '{class com.pizzahub.coupon.controller.CouponController, class com.pizzahub.coupon.service.CouponService}', contextInitializerClasses = '[]', activeProfiles = '{}', propertySourceLocations = '{}', propertySourceProperties = '{}', contextCustomizers = set[org.springframework.boot.test.context.filter.ExcludeFilterContextCustomizer@56102e1c, org.springframework.boot.test.json.DuplicateJsonObjectContextCustomizerFactory$DuplicateJsonObjectContextCustomizer@3b366632, org.springframework.boot.test.mock.mockito.MockitoContextCustomizer@1b4c4a1a, org.springframework.boot.test.autoconfigure.actuate.metrics.MetricsExportContextCustomizerFactory$DisableMetricExportContextCustomizer@3a0807b7, org.springframework.boot.test.autoconfigure.properties.PropertyMappingContextCustomizer@0, org.springframework.boot.test.autoconfigure.web.servlet.WebDriverContextCustomizerFactory$Customizer@649f2009], contextLoader = 'org.springframework.test.context.support.DelegatingSmartContextLoader', parent = [null]]]
16:29:38.772 [main] DEBUG org.springframework.test.context.cache - Spring test ApplicationContext cache statistics: [DefaultContextCache@7d1f3fe9 size = 1, maxSize = 32, parentContextCount = 0, hitCount = 109, missCount = 1]
16:29:38.772 [main] DEBUG org.springframework.test.context.cache.DefaultCacheAwareContextLoaderDelegate - Retrieved ApplicationContext [2024945312] from cache with key [[MergedContextConfiguration@62df0ff3 testClass = CouponControllerTest, locations = '{}', classes = '{class com.pizzahub.coupon.controller.CouponController, class com.pizzahub.coupon.service.CouponService}', contextInitializerClasses = '[]', activeProfiles = '{}', propertySourceLocations = '{}', propertySourceProperties = '{}', contextCustomizers = set[org.springframework.boot.test.context.filter.ExcludeFilterContextCustomizer@56102e1c, org.springframework.boot.test.json.DuplicateJsonObjectContextCustomizerFactory$DuplicateJsonObjectContextCustomizer@3b366632, org.springframework.boot.test.mock.mockito.MockitoContextCustomizer@1b4c4a1a, org.springframework.boot.test.autoconfigure.actuate.metrics.MetricsExportContextCustomizerFactory$DisableMetricExportContextCustomizer@3a0807b7, org.springframework.boot.test.autoconfigure.properties.PropertyMappingContextCustomizer@0, org.springframework.boot.test.autoconfigure.web.servlet.WebDriverContextCustomizerFactory$Customizer@649f2009], contextLoader = 'org.springframework.test.context.support.DelegatingSmartContextLoader', parent = [null]]]
16:29:38.772 [main] DEBUG org.springframework.test.context.cache - Spring test ApplicationContext cache statistics: [DefaultContextCache@7d1f3fe9 size = 1, maxSize = 32, parentContextCount = 0, hitCount = 110, missCount = 1]
]]></system-out>
  </testcase>
  <testcase name="testUpdateCoupon3" classname="com.pizzahub.coupon.controller.CouponControllerTest" time="0.012"/>
  <testcase name="testGetCouponByName2" classname="com.pizzahub.coupon.controller.CouponControllerTest" time="0.011"/>
  <testcase name="testApplyCoupon2" classname="com.pizzahub.coupon.controller.CouponControllerTest" time="0.017"/>
  <testcase name="testGetallCoupons" classname="com.pizzahub.coupon.controller.CouponControllerTest" time="0">
    <skipped message="TODO: Complete this test"/>
    <system-out><![CDATA[16:29:38.817 [main] DEBUG org.springframework.test.context.cache.DefaultCacheAwareContextLoaderDelegate - Retrieved ApplicationContext [2024945312] from cache with key [[MergedContextConfiguration@62df0ff3 testClass = CouponControllerTest, locations = '{}', classes = '{class com.pizzahub.coupon.controller.CouponController, class com.pizzahub.coupon.service.CouponService}', contextInitializerClasses = '[]', activeProfiles = '{}', propertySourceLocations = '{}', propertySourceProperties = '{}', contextCustomizers = set[org.springframework.boot.test.context.filter.ExcludeFilterContextCustomizer@56102e1c, org.springframework.boot.test.json.DuplicateJsonObjectContextCustomizerFactory$DuplicateJsonObjectContextCustomizer@3b366632, org.springframework.boot.test.mock.mockito.MockitoContextCustomizer@1b4c4a1a, org.springframework.boot.test.autoconfigure.actuate.metrics.MetricsExportContextCustomizerFactory$DisableMetricExportContextCustomizer@3a0807b7, org.springframework.boot.test.autoconfigure.properties.PropertyMappingContextCustomizer@0, org.springframework.boot.test.autoconfigure.web.servlet.WebDriverContextCustomizerFactory$Customizer@649f2009], contextLoader = 'org.springframework.test.context.support.DelegatingSmartContextLoader', parent = [null]]]
16:29:38.817 [main] DEBUG org.springframework.test.context.cache - Spring test ApplicationContext cache statistics: [DefaultContextCache@7d1f3fe9 size = 1, maxSize = 32, parentContextCount = 0, hitCount = 147, missCount = 1]
16:29:38.817 [main] DEBUG org.springframework.test.context.support.DependencyInjectionTestExecutionListener - Performing dependency injection for test context [[DefaultTestContext@b09fac1 testClass = CouponControllerTest, testInstance = com.pizzahub.coupon.controller.CouponControllerTest@5da41d02, testMethod = [null], testException = [null], mergedContextConfiguration = [MergedContextConfiguration@62df0ff3 testClass = CouponControllerTest, locations = '{}', classes = '{class com.pizzahub.coupon.controller.CouponController, class com.pizzahub.coupon.service.CouponService}', contextInitializerClasses = '[]', activeProfiles = '{}', propertySourceLocations = '{}', propertySourceProperties = '{}', contextCustomizers = set[org.springframework.boot.test.context.filter.ExcludeFilterContextCustomizer@56102e1c, org.springframework.boot.test.json.DuplicateJsonObjectContextCustomizerFactory$DuplicateJsonObjectContextCustomizer@3b366632, org.springframework.boot.test.mock.mockito.MockitoContextCustomizer@1b4c4a1a, org.springframework.boot.test.autoconfigure.actuate.metrics.MetricsExportContextCustomizerFactory$DisableMetricExportContextCustomizer@3a0807b7, org.springframework.boot.test.autoconfigure.properties.PropertyMappingContextCustomizer@0, org.springframework.boot.test.autoconfigure.web.servlet.WebDriverContextCustomizerFactory$Customizer@649f2009], contextLoader = 'org.springframework.test.context.support.DelegatingSmartContextLoader', parent = [null]], attributes = map['org.springframework.test.context.event.ApplicationEventsTestExecutionListener.recordApplicationEvents' -> false]]].
16:29:38.817 [main] DEBUG org.springframework.test.context.cache.DefaultCacheAwareContextLoaderDelegate - Retrieved ApplicationContext [2024945312] from cache with key [[MergedContextConfiguration@62df0ff3 testClass = CouponControllerTest, locations = '{}', classes = '{class com.pizzahub.coupon.controller.CouponController, class com.pizzahub.coupon.service.CouponService}', contextInitializerClasses = '[]', activeProfiles = '{}', propertySourceLocations = '{}', propertySourceProperties = '{}', contextCustomizers = set[org.springframework.boot.test.context.filter.ExcludeFilterContextCustomizer@56102e1c, org.springframework.boot.test.json.DuplicateJsonObjectContextCustomizerFactory$DuplicateJsonObjectContextCustomizer@3b366632, org.springframework.boot.test.mock.mockito.MockitoContextCustomizer@1b4c4a1a, org.springframework.boot.test.autoconfigure.actuate.metrics.MetricsExportContextCustomizerFactory$DisableMetricExportContextCustomizer@3a0807b7, org.springframework.boot.test.autoconfigure.properties.PropertyMappingContextCustomizer@0, org.springframework.boot.test.autoconfigure.web.servlet.WebDriverContextCustomizerFactory$Customizer@649f2009], contextLoader = 'org.springframework.test.context.support.DelegatingSmartContextLoader', parent = [null]]]
16:29:38.817 [main] DEBUG org.springframework.test.context.cache - Spring test ApplicationContext cache statistics: [DefaultContextCache@7d1f3fe9 size = 1, maxSize = 32, parentContextCount = 0, hitCount = 148, missCount = 1]
16:29:38.817 [main] DEBUG org.springframework.test.context.cache.DefaultCacheAwareContextLoaderDelegate - Retrieved ApplicationContext [2024945312] from cache with key [[MergedContextConfiguration@62df0ff3 testClass = CouponControllerTest, locations = '{}', classes = '{class com.pizzahub.coupon.controller.CouponController, class com.pizzahub.coupon.service.CouponService}', contextInitializerClasses = '[]', activeProfiles = '{}', propertySourceLocations = '{}', propertySourceProperties = '{}', contextCustomizers = set[org.springframework.boot.test.context.filter.ExcludeFilterContextCustomizer@56102e1c, org.springframework.boot.test.json.DuplicateJsonObjectContextCustomizerFactory$DuplicateJsonObjectContextCustomizer@3b366632, org.springframework.boot.test.mock.mockito.MockitoContextCustomizer@1b4c4a1a, org.springframework.boot.test.autoconfigure.actuate.metrics.MetricsExportContextCustomizerFactory$DisableMetricExportContextCustomizer@3a0807b7, org.springframework.boot.test.autoconfigure.properties.PropertyMappingContextCustomizer@0, org.springframework.boot.test.autoconfigure.web.servlet.WebDriverContextCustomizerFactory$Customizer@649f2009], contextLoader = 'org.springframework.test.context.support.DelegatingSmartContextLoader', parent = [null]]]
16:29:38.817 [main] DEBUG org.springframework.test.context.cache - Spring test ApplicationContext cache statistics: [DefaultContextCache@7d1f3fe9 size = 1, maxSize = 32, parentContextCount = 0, hitCount = 149, missCount = 1]
]]></system-out>
  </testcase>
</testsuite>